======================================================================
🌟 AI 창작 기반 배치 생성
======================================================================
시작: 2025-01-01
일수: 365일
총: 4380개
======================================================================

[1/365] 
📅 2025-01-01
  🔮 양자리      ✅
  🔮 황소자리     ✅
  🔮 쌍둥이자리    ✅
  🔮 게자리      ✅
  🔮 사자자리     ✅
  🔮 처녀자리     ✅
  🔮 천칭자리     ✅
  🔮 전갈자리     ✅
  🔮 사수자리     ✅
  🔮 염소자리     ✅
  🔮 물병자리     ✅
  🔮 물고기자리    ✅
✅ 2025-01-01 완료: 12/12

[2/365] 
📅 2025-01-02
  🔮 양자리      ✅
  🔮 황소자리     ✅
  🔮 쌍둥이자리    ✅
  🔮 게자리      ✅
  🔮 사자자리     ✅
  🔮 처녀자리     ✅
  🔮 천칭자리     ✅
  🔮 전갈자리     ✅
  🔮 사수자리     ✅
  🔮 염소자리     ✅
  🔮 물병자리     ✅
  🔮 물고기자리    ✅
✅ 2025-01-02 완료: 12/12

[3/365] 
📅 2025-01-03
  🔮 양자리      ✅
  🔮 황소자리     ✅
  🔮 쌍둥이자리    ✅
  🔮 게자리      ✅
  🔮 사자자리     ✅
  🔮 처녀자리     ✅
  🔮 천칭자리     ✅
  🔮 전갈자리     ✅
  🔮 사수자리     ✅
  🔮 염소자리     ✅
  🔮 물병자리     ✅
  🔮 물고기자리    ✅
✅ 2025-01-03 완료: 12/12

[4/365] 
📅 2025-01-04
  🔮 양자리      ✅
  🔮 황소자리     ✅
  🔮 쌍둥이자리    ✅
  🔮 게자리      ✅
  🔮 사자자리     ✅
  🔮 처녀자리     ✅
  🔮 천칭자리     ✅
  🔮 전갈자리     ✅
  🔮 사수자리     ✅
  🔮 염소자리     ✅
  🔮 물병자리     ✅
  🔮 물고기자리    ✅
✅ 2025-01-04 완료: 12/12

[5/365] 
📅 2025-01-05
  🔮 양자리      ✅
  🔮 황소자리     ✅
  🔮 쌍둥이자리    ✅
  🔮 게자리      ✅
  🔮 사자자리     ✅
  🔮 처녀자리     ✅
  🔮 천칭자리     ✅
  🔮 전갈자리     ✅
  🔮 사수자리     ✅
  🔮 염소자리     ✅
  🔮 물병자리     ✅
  🔮 물고기자리    ✅
✅ 2025-01-05 완료: 12/12
💾 중간 저장 (5일치)

[6/365] 
📅 2025-01-06
  🔮 양자리      ✅
  🔮 황소자리     ✅
  🔮 쌍둥이자리    ✅
  🔮 게자리      ✅
  🔮 사자자리     ✅
  🔮 처녀자리     ✅
  🔮 천칭자리     ✅
  🔮 전갈자리     ✅
  🔮 사수자리     ✅
  🔮 염소자리     ✅
  🔮 물병자리     ✅
  🔮 물고기자리    ✅
✅ 2025-01-06 완료: 12/12

[7/365] 
📅 2025-01-07
  🔮 양자리      ✅
  🔮 황소자리     ✅
  🔮 쌍둥이자리    ✅
  🔮 게자리      ✅
  🔮 사자자리     ✅
  🔮 처녀자리     ✅
  🔮 천칭자리     ✅
  🔮 전갈자리     ✅
  🔮 사수자리     ✅
  🔮 염소자리     ✅
  🔮 물병자리     ✅
  🔮 물고기자리    ✅
✅ 2025-01-07 완료: 12/12

[8/365] 
📅 2025-01-08
  🔮 양자리      ✅
  🔮 황소자리     ✅
  🔮 쌍둥이자리    ✅
  🔮 게자리      ✅
  🔮 사자자리     ✅
  🔮 처녀자리     ✅
  🔮 천칭자리     ✅
  🔮 전갈자리     ✅
  🔮 사수자리     ✅
  🔮 염소자리     ✅
  🔮 물병자리     ✅
  🔮 물고기자리    ✅
✅ 2025-01-08 완료: 12/12

[9/365] 
📅 2025-01-09
  🔮 양자리      ✅
  🔮 황소자리     ✅
  🔮 쌍둥이자리    ✅
  🔮 게자리      ✅
  🔮 사자자리     ✅
  🔮 처녀자리     ✅
  🔮 천칭자리     ✅
  🔮 전갈자리     ✅
  🔮 사수자리     ✅
  🔮 염소자리     ✅
  🔮 물병자리     ✅
  🔮 물고기자리    ✅
✅ 2025-01-09 완료: 12/12

[10/365] 
📅 2025-01-10
  🔮 양자리      ✅
  🔮 황소자리     ✅
  🔮 쌍둥이자리    ✅
  🔮 게자리      ✅
  🔮 사자자리     ✅
  🔮 처녀자리     ✅
  🔮 천칭자리     ✅
  🔮 전갈자리     ✅
  🔮 사수자리     ✅
  🔮 염소자리     ✅
  🔮 물병자리     ✅
  🔮 물고기자리    ✅
✅ 2025-01-10 완료: 12/12
💾 중간 저장 (10일치)

[11/365] 
📅 2025-01-11
  🔮 양자리      ✅
  🔮 황소자리     ✅
  🔮 쌍둥이자리    ✅
  🔮 게자리      ✅
  🔮 사자자리     ✅
  🔮 처녀자리     ✅
  🔮 천칭자리     ✅
  🔮 전갈자리     ✅
  🔮 사수자리     ✅
  🔮 염소자리     ✅
  🔮 물병자리     ✅
  🔮 물고기자리    ✅
✅ 2025-01-11 완료: 12/12

[12/365] 
📅 2025-01-12
  🔮 양자리      ✅
  🔮 황소자리     ✅
  🔮 쌍둥이자리    ✅
  🔮 게자리      ✅
  🔮 사자자리     ✅
  🔮 처녀자리     ✅
  🔮 천칭자리     ✅
  🔮 전갈자리     ✅
  🔮 사수자리     ✅
  🔮 염소자리     ✅
  🔮 물병자리     ✅
  🔮 물고기자리    ✅
✅ 2025-01-12 완료: 12/12

[13/365] 
📅 2025-01-13
  🔮 양자리      ✅
  🔮 황소자리     ✅
  🔮 쌍둥이자리    ✅
  🔮 게자리      ✅
  🔮 사자자리     ✅
  🔮 처녀자리     ✅
  🔮 천칭자리     ✅
  🔮 전갈자리     ✅
  🔮 사수자리     ✅
  🔮 염소자리     ✅
  🔮 물병자리     ✅
  🔮 물고기자리    ✅
✅ 2025-01-13 완료: 12/12

[14/365] 
📅 2025-01-14
  🔮 양자리      ✅
  🔮 황소자리     ✅
  🔮 쌍둥이자리    ✅
  🔮 게자리      ✅
  🔮 사자자리     ✅
  🔮 처녀자리     ✅
  🔮 천칭자리     ✅
  🔮 전갈자리     ✅
  🔮 사수자리     ✅
  🔮 염소자리     ✅
  🔮 물병자리     ✅
  🔮 물고기자리    ✅
✅ 2025-01-14 완료: 12/12

[15/365] 
📅 2025-01-15
  🔮 양자리      ✅
  🔮 황소자리     ✅
  🔮 쌍둥이자리    ✅
  🔮 게자리      ✅
  🔮 사자자리     ✅
  🔮 처녀자리     ✅
  🔮 천칭자리     ✅
  🔮 전갈자리     ✅
  🔮 사수자리     ✅
  🔮 염소자리     ✅
  🔮 물병자리     ✅
  🔮 물고기자리    ✅
✅ 2025-01-15 완료: 12/12
💾 중간 저장 (15일치)

[16/365] 
📅 2025-01-16
  🔮 양자리      ✅
  🔮 황소자리     ✅
  🔮 쌍둥이자리    ✅
  🔮 게자리      ✅
  🔮 사자자리     ✅
  🔮 처녀자리     ✅
  🔮 천칭자리     ✅
  🔮 전갈자리     ✅
  🔮 사수자리     ✅
  🔮 염소자리     ✅
  🔮 물병자리     ✅
  🔮 물고기자리    ✅
✅ 2025-01-16 완료: 12/12

[17/365] 
📅 2025-01-17
  🔮 양자리      ✅
  🔮 황소자리     ✅
  🔮 쌍둥이자리    ✅
  🔮 게자리      ✅
  🔮 사자자리     ✅
  🔮 처녀자리     ✅
  🔮 천칭자리     ✅
  🔮 전갈자리     ✅
  🔮 사수자리     ✅
  🔮 염소자리     ✅
  🔮 물병자리     ✅
  🔮 물고기자리    ✅
✅ 2025-01-17 완료: 12/12

[18/365] 
📅 2025-01-18
  🔮 양자리      ✅
  🔮 황소자리     ✅
  🔮 쌍둥이자리    ✅
  🔮 게자리      ✅
  🔮 사자자리     ✅
  🔮 처녀자리     ✅
  🔮 천칭자리     ✅
  🔮 전갈자리     ✅
  🔮 사수자리     ✅
  🔮 염소자리     ✅
  🔮 물병자리     ✅
  🔮 물고기자리    ✅
✅ 2025-01-18 완료: 12/12

[19/365] 
📅 2025-01-19
  🔮 양자리      ✅
  🔮 황소자리     ✅
  🔮 쌍둥이자리    ✅
  🔮 게자리      ✅
  🔮 사자자리     ✅
  🔮 처녀자리     ✅
  🔮 천칭자리     ✅
  🔮 전갈자리     ✅
  🔮 사수자리     ✅
  🔮 염소자리     ✅
  🔮 물병자리     ✅
  🔮 물고기자리    ✅
✅ 2025-01-19 완료: 12/12

[20/365] 
📅 2025-01-20
  🔮 양자리      ✅
  🔮 황소자리     ✅
  🔮 쌍둥이자리    ✅
  🔮 게자리      ✅
  🔮 사자자리     ✅
  🔮 처녀자리     ✅
  🔮 천칭자리     ✅
  🔮 전갈자리     ✅
  🔮 사수자리     ✅
  🔮 염소자리     ✅
  🔮 물병자리     ✅
  🔮 물고기자리    ✅
✅ 2025-01-20 완료: 12/12
💾 중간 저장 (20일치)

[21/365] 
📅 2025-01-21
  🔮 양자리      ✅
  🔮 황소자리     ✅
  🔮 쌍둥이자리    ✅
  🔮 게자리      ✅
  🔮 사자자리     ✅
  🔮 처녀자리     ✅
  🔮 천칭자리     ✅
  🔮 전갈자리     ✅
  🔮 사수자리     ✅
  🔮 염소자리     ✅
  🔮 물병자리     ✅
  🔮 물고기자리    ✅
✅ 2025-01-21 완료: 12/12

[22/365] 
📅 2025-01-22
  🔮 양자리      ✅
  🔮 황소자리     ✅
  🔮 쌍둥이자리    ✅
  🔮 게자리      ✅
  🔮 사자자리     ✅
  🔮 처녀자리     ✅
  🔮 천칭자리     ✅
  🔮 전갈자리     ✅
  🔮 사수자리     ✅
  🔮 염소자리     ✅
  🔮 물병자리     ✅
  🔮 물고기자리    ✅
✅ 2025-01-22 완료: 12/12

[23/365] 
📅 2025-01-23
  🔮 양자리      ✅
  🔮 황소자리     ✅
  🔮 쌍둥이자리    ✅
  🔮 게자리      ✅
  🔮 사자자리     ✅
  🔮 처녀자리     ✅
  🔮 천칭자리     ✅
  🔮 전갈자리     ✅
  🔮 사수자리     ✅
  🔮 염소자리     ✅
  🔮 물병자리     ✅
  🔮 물고기자리    ✅
✅ 2025-01-23 완료: 12/12

[24/365] 
📅 2025-01-24
  🔮 양자리      ✅
  🔮 황소자리     ✅
  🔮 쌍둥이자리    ✅
  🔮 게자리      ✅
  🔮 사자자리     ✅
  🔮 처녀자리     ✅
  🔮 천칭자리     ✅
  🔮 전갈자리     ✅
  🔮 사수자리     ✅
  🔮 염소자리     ✅
  🔮 물병자리     ✅
  🔮 물고기자리    ✅
✅ 2025-01-24 완료: 12/12

[25/365] 
📅 2025-01-25
  🔮 양자리      ✅
  🔮 황소자리     ✅
  🔮 쌍둥이자리    ✅
  🔮 게자리      ✅
  🔮 사자자리     ✅
  🔮 처녀자리     ✅
  🔮 천칭자리     ✅
  🔮 전갈자리     ✅
  🔮 사수자리     ✅
  🔮 염소자리     ✅
  🔮 물병자리     ✅
  🔮 물고기자리    ✅
✅ 2025-01-25 완료: 12/12
💾 중간 저장 (25일치)

[26/365] 
📅 2025-01-26
  🔮 양자리      ✅
  🔮 황소자리     ✅
  🔮 쌍둥이자리    ✅
  🔮 게자리      ✅
  🔮 사자자리     ✅
  🔮 처녀자리     ✅
  🔮 천칭자리     ✅
  🔮 전갈자리     ✅
  🔮 사수자리     ✅
  🔮 염소자리     ✅
  🔮 물병자리     ✅
  🔮 물고기자리    ✅
✅ 2025-01-26 완료: 12/12

[27/365] 
📅 2025-01-27
  🔮 양자리      ✅
  🔮 황소자리     ✅
  🔮 쌍둥이자리    ✅
  🔮 게자리      ✅
  🔮 사자자리     ✅
  🔮 처녀자리     ✅
  🔮 천칭자리     ✅
  🔮 전갈자리     ✅
  🔮 사수자리     ✅
  🔮 염소자리     ✅
  🔮 물병자리     ✅
  🔮 물고기자리    ✅
✅ 2025-01-27 완료: 12/12

[28/365] 
📅 2025-01-28
  🔮 양자리      ✅
  🔮 황소자리     ✅
  🔮 쌍둥이자리    ✅
  🔮 게자리      ✅
  🔮 사자자리     ✅
  🔮 처녀자리     ✅
  🔮 천칭자리     ✅
  🔮 전갈자리     ✅
  🔮 사수자리     ✅
  🔮 염소자리     ✅
  🔮 물병자리     ✅
  🔮 물고기자리    ✅
✅ 2025-01-28 완료: 12/12

[29/365] 
📅 2025-01-29
  🔮 양자리      ✅
  🔮 황소자리     ✅
  🔮 쌍둥이자리    ✅
  🔮 게자리      ✅
  🔮 사자자리     ✅
  🔮 처녀자리     ✅
  🔮 천칭자리     ✅
  🔮 전갈자리     ✅
  🔮 사수자리     ✅
  🔮 염소자리     ✅
  🔮 물병자리     ✅
  🔮 물고기자리    ✅
✅ 2025-01-29 완료: 12/12

[30/365] 
📅 2025-01-30
  🔮 양자리      ✅
  🔮 황소자리     ✅
  🔮 쌍둥이자리    ✅
  🔮 게자리      ✅
  🔮 사자자리     ✅
  🔮 처녀자리     ✅
  🔮 천칭자리     ✅
  🔮 전갈자리     ✅
  🔮 사수자리     ✅
  🔮 염소자리     ✅
  🔮 물병자리     ✅
  🔮 물고기자리    ✅
✅ 2025-01-30 완료: 12/12
💾 중간 저장 (30일치)

[31/365] 
📅 2025-01-31
  🔮 양자리      ✅
  🔮 황소자리     ✅
  🔮 쌍둥이자리    ✅
  🔮 게자리      ✅
  🔮 사자자리     ✅
  🔮 처녀자리     ✅
  🔮 천칭자리     ✅
  🔮 전갈자리     ✅
  🔮 사수자리     ✅
  🔮 염소자리     ✅
  🔮 물병자리     ✅
  🔮 물고기자리    ✅
✅ 2025-01-31 완료: 12/12

[32/365] 
📅 2025-02-01
  🔮 양자리      ✅
  🔮 황소자리     ✅
  🔮 쌍둥이자리    ✅
  🔮 게자리      ✅
  🔮 사자자리     ✅
  🔮 처녀자리     ✅
  🔮 천칭자리     ✅
  🔮 전갈자리     ✅
  🔮 사수자리     ✅
  🔮 염소자리     ✅
  🔮 물병자리     ✅
  🔮 물고기자리    ✅
✅ 2025-02-01 완료: 12/12

[33/365] 
📅 2025-02-02
  🔮 양자리      ✅
  🔮 황소자리     ✅
  🔮 쌍둥이자리    ✅
  🔮 게자리      ✅
  🔮 사자자리     ✅
  🔮 처녀자리     ✅
  🔮 천칭자리     ✅
  🔮 전갈자리     ✅
  🔮 사수자리     ✅
  🔮 염소자리     ✅
  🔮 물병자리     ✅
  🔮 물고기자리    ✅
✅ 2025-02-02 완료: 12/12

[34/365] 
📅 2025-02-03
  🔮 양자리      ✅
  🔮 황소자리     ✅
  🔮 쌍둥이자리    ✅
  🔮 게자리      ✅
  🔮 사자자리     ✅
  🔮 처녀자리     ✅
  🔮 천칭자리     ✅
  🔮 전갈자리     ✅
  🔮 사수자리     ✅
  🔮 염소자리     ✅
  🔮 물병자리     ✅
  🔮 물고기자리    ✅
✅ 2025-02-03 완료: 12/12

[35/365] 
📅 2025-02-04
  🔮 양자리      ✅
  🔮 황소자리     ✅
  🔮 쌍둥이자리    ✅
  🔮 게자리      ✅
  🔮 사자자리     ✅
  🔮 처녀자리     ✅
  🔮 천칭자리     ✅
  🔮 전갈자리     ✅
  🔮 사수자리     ✅
  🔮 염소자리     ✅
  🔮 물병자리     ✅
  🔮 물고기자리    ✅
✅ 2025-02-04 완료: 12/12
💾 중간 저장 (35일치)

[36/365] 
📅 2025-02-05
  🔮 양자리      ✅
  🔮 황소자리     ✅
  🔮 쌍둥이자리    ✅
  🔮 게자리      ✅
  🔮 사자자리     ✅
  🔮 처녀자리     ✅
  🔮 천칭자리     ✅
  🔮 전갈자리     ✅
  🔮 사수자리     ✅
  🔮 염소자리     ✅
  🔮 물병자리     ✅
  🔮 물고기자리    ✅
✅ 2025-02-05 완료: 12/12

[37/365] 
📅 2025-02-06
  🔮 양자리      ✅
  🔮 황소자리     ✅
  🔮 쌍둥이자리    ✅
  🔮 게자리      ✅
  🔮 사자자리     ✅
  🔮 처녀자리     ✅
  🔮 천칭자리     ✅
  🔮 전갈자리     ✅
  🔮 사수자리     ✅
  🔮 염소자리     ✅
  🔮 물병자리     ✅
  🔮 물고기자리    ✅
✅ 2025-02-06 완료: 12/12

[38/365] 
📅 2025-02-07
  🔮 양자리      ✅
  🔮 황소자리     ✅
  🔮 쌍둥이자리    ✅
  🔮 게자리      ✅
  🔮 사자자리     ✅
  🔮 처녀자리     ✅
  🔮 천칭자리     ✅
  🔮 전갈자리     ✅
  🔮 사수자리     ✅
  🔮 염소자리     ✅
  🔮 물병자리     ✅
  🔮 물고기자리    ✅
✅ 2025-02-07 완료: 12/12

[39/365] 
📅 2025-02-08
  🔮 양자리      ✅
  🔮 황소자리     ✅
  🔮 쌍둥이자리    ✅
  🔮 게자리      ✅
  🔮 사자자리     ✅
  🔮 처녀자리     ✅
  🔮 천칭자리     ✅
  🔮 전갈자리     ✅
  🔮 사수자리     ✅
  🔮 염소자리     ✅
  🔮 물병자리     ✅
  🔮 물고기자리    ✅
✅ 2025-02-08 완료: 12/12

[40/365] 
📅 2025-02-09
  🔮 양자리      ✅
  🔮 황소자리     ✅
  🔮 쌍둥이자리    ✅
  🔮 게자리      ✅
  🔮 사자자리     ✅
  🔮 처녀자리     ✅
  🔮 천칭자리     ✅
  🔮 전갈자리     ✅
  🔮 사수자리     ✅
  🔮 염소자리     ✅
  🔮 물병자리     ✅
  🔮 물고기자리    ✅
✅ 2025-02-09 완료: 12/12
💾 중간 저장 (40일치)

[41/365] 
📅 2025-02-10
  🔮 양자리      ✅
  🔮 황소자리     ✅
  🔮 쌍둥이자리    ✅
  🔮 게자리      ✅
  🔮 사자자리     ✅
  🔮 처녀자리     ✅
  🔮 천칭자리     ✅
  🔮 전갈자리     ✅
  🔮 사수자리     ✅
  🔮 염소자리     ✅
  🔮 물병자리     ✅
  🔮 물고기자리    ✅
✅ 2025-02-10 완료: 12/12

[42/365] 
📅 2025-02-11
  🔮 양자리      ✅
  🔮 황소자리     ✅
  🔮 쌍둥이자리    ✅
  🔮 게자리      ✅
  🔮 사자자리     ✅
  🔮 처녀자리     ✅
  🔮 천칭자리     ✅
  🔮 전갈자리     ✅
  🔮 사수자리     ✅
  🔮 염소자리     ✅
  🔮 물병자리     ✅
  🔮 물고기자리    ✅
✅ 2025-02-11 완료: 12/12

[43/365] 
📅 2025-02-12
  🔮 양자리      ✅
  🔮 황소자리     ✅
  🔮 쌍둥이자리    ✅
  🔮 게자리      ✅
  🔮 사자자리     ✅
  🔮 처녀자리     ✅
  🔮 천칭자리     ✅
  🔮 전갈자리     ✅
  🔮 사수자리     ✅
  🔮 염소자리     ✅
  🔮 물병자리     ✅
  🔮 물고기자리    ✅
✅ 2025-02-12 완료: 12/12

[44/365] 
📅 2025-02-13
  🔮 양자리      ✅
  🔮 황소자리     ✅
  🔮 쌍둥이자리    ✅
  🔮 게자리      ✅
  🔮 사자자리     ✅
  🔮 처녀자리     ✅
  🔮 천칭자리     ✅
  🔮 전갈자리     ✅
  🔮 사수자리     ✅
  🔮 염소자리     ✅
  🔮 물병자리     ✅
  🔮 물고기자리    ✅
✅ 2025-02-13 완료: 12/12

[45/365] 
📅 2025-02-14
  🔮 양자리      ✅
  🔮 황소자리     ✅
  🔮 쌍둥이자리    ✅
  🔮 게자리      ✅
  🔮 사자자리     ✅
  🔮 처녀자리     ✅
  🔮 천칭자리     ✅
  🔮 전갈자리     ✅
  🔮 사수자리     ✅
  🔮 염소자리     ✅
  🔮 물병자리     ✅
  🔮 물고기자리    ✅
✅ 2025-02-14 완료: 12/12
💾 중간 저장 (45일치)

[46/365] 
📅 2025-02-15
  🔮 양자리      ✅
  🔮 황소자리     ✅
  🔮 쌍둥이자리    ✅
  🔮 게자리      ✅
  🔮 사자자리     ✅
  🔮 처녀자리     ✅
  🔮 천칭자리     ✅
  🔮 전갈자리     ✅
  🔮 사수자리     ✅
  🔮 염소자리     ✅
  🔮 물병자리     ✅
  🔮 물고기자리    ✅
✅ 2025-02-15 완료: 12/12

[47/365] 
📅 2025-02-16
  🔮 양자리      ✅
  🔮 황소자리     ✅
  🔮 쌍둥이자리    ✅
  🔮 게자리      ✅
  🔮 사자자리     ✅
  🔮 처녀자리     ✅
  🔮 천칭자리     ✅
  🔮 전갈자리     ✅
  🔮 사수자리     ✅
  🔮 염소자리     ✅
  🔮 물병자리     ✅
  🔮 물고기자리    ✅
✅ 2025-02-16 완료: 12/12

[48/365] 
📅 2025-02-17
  🔮 양자리      ✅
  🔮 황소자리     ✅
  🔮 쌍둥이자리    ✅
  🔮 게자리      ✅
  🔮 사자자리     ✅
  🔮 처녀자리     ✅
  🔮 천칭자리     ✅
  🔮 전갈자리     ✅
  🔮 사수자리     ✅
  🔮 염소자리     ✅
  🔮 물병자리     ✅
  🔮 물고기자리    ✅
✅ 2025-02-17 완료: 12/12

[49/365] 
📅 2025-02-18
  🔮 양자리      ✅
  🔮 황소자리     ✅
  🔮 쌍둥이자리    ✅
  🔮 게자리      ✅
  🔮 사자자리     ✅
  🔮 처녀자리     ✅
  🔮 천칭자리     ✅
  🔮 전갈자리     ✅
  🔮 사수자리     ✅
  🔮 염소자리     ✅
  🔮 물병자리     ✅
  🔮 물고기자리    ✅
✅ 2025-02-18 완료: 12/12

[50/365] 
📅 2025-02-19
  🔮 양자리      ✅
  🔮 황소자리     ✅
  🔮 쌍둥이자리    ✅
  🔮 게자리      ✅
  🔮 사자자리     ✅
  🔮 처녀자리     ✅
  🔮 천칭자리     ✅
  🔮 전갈자리     ✅
  🔮 사수자리     ✅
  🔮 염소자리     ✅
  🔮 물병자리     ✅
  🔮 물고기자리    ✅
✅ 2025-02-19 완료: 12/12
💾 중간 저장 (50일치)

[51/365] 
📅 2025-02-20
  🔮 양자리      ✅
  🔮 황소자리     ✅
  🔮 쌍둥이자리    ✅
  🔮 게자리      ✅
  🔮 사자자리     ✅
  🔮 처녀자리     ✅
  🔮 천칭자리     ✅
  🔮 전갈자리     ✅
  🔮 사수자리     ✅
  🔮 염소자리     ✅
  🔮 물병자리     ✅
  🔮 물고기자리    ✅
✅ 2025-02-20 완료: 12/12

[52/365] 
📅 2025-02-21
  🔮 양자리      ✅
  🔮 황소자리     ✅
  🔮 쌍둥이자리    ✅
  🔮 게자리      ✅
  🔮 사자자리     ✅
  🔮 처녀자리     ✅
  🔮 천칭자리     ✅
  🔮 전갈자리     ✅
  🔮 사수자리     ✅
  🔮 염소자리     ✅
  🔮 물병자리     ✅
  🔮 물고기자리    ✅
✅ 2025-02-21 완료: 12/12

[53/365] 
📅 2025-02-22
  🔮 양자리      ✅
  🔮 황소자리     ✅
  🔮 쌍둥이자리    ✅
  🔮 게자리      ✅
  🔮 사자자리     ✅
  🔮 처녀자리     ✅
  🔮 천칭자리     ✅
  🔮 전갈자리     ✅
  🔮 사수자리     ✅
  🔮 염소자리     ✅
  🔮 물병자리     ✅
  🔮 물고기자리    ✅
✅ 2025-02-22 완료: 12/12

[54/365] 
📅 2025-02-23
  🔮 양자리      ✅
  🔮 황소자리     ✅
  🔮 쌍둥이자리    ✅
  🔮 게자리      ✅
  🔮 사자자리     ✅
  🔮 처녀자리     ✅
  🔮 천칭자리     ✅
  🔮 전갈자리     ✅
  🔮 사수자리     ✅
  🔮 염소자리     ✅
  🔮 물병자리     ✅
  🔮 물고기자리    ✅
✅ 2025-02-23 완료: 12/12

[55/365] 
📅 2025-02-24
  🔮 양자리      ✅
  🔮 황소자리     ✅
  🔮 쌍둥이자리    ✅
  🔮 게자리      ✅
  🔮 사자자리     ✅
  🔮 처녀자리     ✅
  🔮 천칭자리     ✅
  🔮 전갈자리     ✅
  🔮 사수자리     ✅
  🔮 염소자리     ✅
  🔮 물병자리     ✅
  🔮 물고기자리    ✅
✅ 2025-02-24 완료: 12/12
💾 중간 저장 (55일치)

[56/365] 
📅 2025-02-25
  🔮 양자리      ✅
  🔮 황소자리     ✅
  🔮 쌍둥이자리    ✅
  🔮 게자리      ✅
  🔮 사자자리     ✅
  🔮 처녀자리     ✅
  🔮 천칭자리     ✅
  🔮 전갈자리     ✅
  🔮 사수자리     ✅
  🔮 염소자리     ✅
  🔮 물병자리     ✅
  🔮 물고기자리    ✅
✅ 2025-02-25 완료: 12/12

[57/365] 
📅 2025-02-26
  🔮 양자리      ✅
  🔮 황소자리     ✅
  🔮 쌍둥이자리    ✅
  🔮 게자리      ✅
  🔮 사자자리     ✅
  🔮 처녀자리     ✅
  🔮 천칭자리     ✅
  🔮 전갈자리     ✅
  🔮 사수자리     ✅
  🔮 염소자리     ✅
  🔮 물병자리     ✅
  🔮 물고기자리    ✅
✅ 2025-02-26 완료: 12/12

[58/365] 
📅 2025-02-27
  🔮 양자리      ✅
  🔮 황소자리     ✅
  🔮 쌍둥이자리    ✅
  🔮 게자리      ✅
  🔮 사자자리     ✅
  🔮 처녀자리     ✅
  🔮 천칭자리     ✅
  🔮 전갈자리     ✅
  🔮 사수자리     ✅
  🔮 염소자리     ✅
  🔮 물병자리     ✅
  🔮 물고기자리    ✅
✅ 2025-02-27 완료: 12/12

[59/365] 
📅 2025-02-28
  🔮 양자리      ✅
  🔮 황소자리     ✅
  🔮 쌍둥이자리    ✅
  🔮 게자리      ✅
  🔮 사자자리     ✅
  🔮 처녀자리     ✅
  🔮 천칭자리     ✅
  🔮 전갈자리     ✅
  🔮 사수자리     ✅
  🔮 염소자리     ✅
  🔮 물병자리     ✅
  🔮 물고기자리    ✅
✅ 2025-02-28 완료: 12/12

[60/365] 
📅 2025-03-01
  🔮 양자리      ✅
  🔮 황소자리     ✅
  🔮 쌍둥이자리    ✅
  🔮 게자리      ✅
  🔮 사자자리     ✅
  🔮 처녀자리     ✅
  🔮 천칭자리     ✅
  🔮 전갈자리     ✅
  🔮 사수자리     ✅
  🔮 염소자리     ✅
  🔮 물병자리     ✅
  🔮 물고기자리    ✅
✅ 2025-03-01 완료: 12/12
💾 중간 저장 (60일치)

[61/365] 
📅 2025-03-02
  🔮 양자리      ✅
  🔮 황소자리     ✅
  🔮 쌍둥이자리    ✅
  🔮 게자리      ✅
  🔮 사자자리     ✅
  🔮 처녀자리     ✅
  🔮 천칭자리     ✅
  🔮 전갈자리     ✅
  🔮 사수자리     ✅
  🔮 염소자리     ✅
  🔮 물병자리     ✅
  🔮 물고기자리    ✅
✅ 2025-03-02 완료: 12/12

[62/365] 
📅 2025-03-03
  🔮 양자리      ✅
  🔮 황소자리     ✅
  🔮 쌍둥이자리    ✅
  🔮 게자리      ✅
  🔮 사자자리     ✅
  🔮 처녀자리     ✅
  🔮 천칭자리     ✅
  🔮 전갈자리     ✅
  🔮 사수자리     ✅
  🔮 염소자리     ✅
  🔮 물병자리     ✅
  🔮 물고기자리    ✅
✅ 2025-03-03 완료: 12/12

[63/365] 
📅 2025-03-04
  🔮 양자리      ✅
  🔮 황소자리     ✅
  🔮 쌍둥이자리    ✅
  🔮 게자리      ✅
  🔮 사자자리     ✅
  🔮 처녀자리     ✅
  🔮 천칭자리     ✅
  🔮 전갈자리     ✅
  🔮 사수자리     ✅
  🔮 염소자리     ✅
  🔮 물병자리     ✅
  🔮 물고기자리    ✅
✅ 2025-03-04 완료: 12/12

[64/365] 
📅 2025-03-05
  🔮 양자리      ✅
  🔮 황소자리     ✅
  🔮 쌍둥이자리    ✅
  🔮 게자리      ✅
  🔮 사자자리     ✅
  🔮 처녀자리     ✅
  🔮 천칭자리     ✅
  🔮 전갈자리     ✅
  🔮 사수자리     ✅
  🔮 염소자리     ✅
  🔮 물병자리     ✅
  🔮 물고기자리    ✅
✅ 2025-03-05 완료: 12/12

[65/365] 
📅 2025-03-06
  🔮 양자리      ✅
  🔮 황소자리     ✅
  🔮 쌍둥이자리    ✅
  🔮 게자리      ✅
  🔮 사자자리     ✅
  🔮 처녀자리     ✅
  🔮 천칭자리     ✅
  🔮 전갈자리     ✅
  🔮 사수자리     ✅
  🔮 염소자리     ✅
  🔮 물병자리     ✅
  🔮 물고기자리    ✅
✅ 2025-03-06 완료: 12/12
💾 중간 저장 (65일치)

[66/365] 
📅 2025-03-07
  🔮 양자리      ✅
  🔮 황소자리     ✅
  🔮 쌍둥이자리    ✅
  🔮 게자리      ✅
  🔮 사자자리     ✅
  🔮 처녀자리     ✅
  🔮 천칭자리     ✅
  🔮 전갈자리     ✅
  🔮 사수자리     ✅
  🔮 염소자리     ✅
  🔮 물병자리     ✅
  🔮 물고기자리    ✅
✅ 2025-03-07 완료: 12/12

[67/365] 
📅 2025-03-08
  🔮 양자리      ✅
  🔮 황소자리     ✅
  🔮 쌍둥이자리    ✅
  🔮 게자리      ✅
  🔮 사자자리     ✅
  🔮 처녀자리     ✅
  🔮 천칭자리     ✅
  🔮 전갈자리     ✅
  🔮 사수자리     ✅
  🔮 염소자리     ✅
  🔮 물병자리     ✅
  🔮 물고기자리    ✅
✅ 2025-03-08 완료: 12/12

[68/365] 
📅 2025-03-09
  🔮 양자리      ✅
  🔮 황소자리     ✅
  🔮 쌍둥이자리    ✅
  🔮 게자리      ✅
  🔮 사자자리     ✅
  🔮 처녀자리     ✅
  🔮 천칭자리     ✅
  🔮 전갈자리     ✅
  🔮 사수자리     ✅
  🔮 염소자리     ✅
  🔮 물병자리     ✅
  🔮 물고기자리    ✅
✅ 2025-03-09 완료: 12/12

[69/365] 
📅 2025-03-10
  🔮 양자리      ✅
  🔮 황소자리     ✅
  🔮 쌍둥이자리    ✅
  🔮 게자리      ✅
  🔮 사자자리     ✅
  🔮 처녀자리     ✅
  🔮 천칭자리     ✅
  🔮 전갈자리     ✅
  🔮 사수자리     ✅
  🔮 염소자리     ✅
  🔮 물병자리     ✅
  🔮 물고기자리    ✅
✅ 2025-03-10 완료: 12/12

[70/365] 
📅 2025-03-11
  🔮 양자리      ✅
  🔮 황소자리     ✅
  🔮 쌍둥이자리    ✅
  🔮 게자리      ✅
  🔮 사자자리     ✅
  🔮 처녀자리     ✅
  🔮 천칭자리     ✅
  🔮 전갈자리     ✅
  🔮 사수자리     ✅
  🔮 염소자리     ✅
  🔮 물병자리     ✅
  🔮 물고기자리    ✅
✅ 2025-03-11 완료: 12/12
💾 중간 저장 (70일치)

[71/365] 
📅 2025-03-12
  🔮 양자리      ✅
  🔮 황소자리     ✅
  🔮 쌍둥이자리    ✅
  🔮 게자리      ✅
  🔮 사자자리     ✅
  🔮 처녀자리     ✅
  🔮 천칭자리     ✅
  🔮 전갈자리     ✅
  🔮 사수자리     ✅
  🔮 염소자리     ✅
  🔮 물병자리     ✅
  🔮 물고기자리    ✅
✅ 2025-03-12 완료: 12/12

[72/365] 
📅 2025-03-13
  🔮 양자리      ✅
  🔮 황소자리     ✅
  🔮 쌍둥이자리    ✅
  🔮 게자리      ✅
  🔮 사자자리     ✅
  🔮 처녀자리     ✅
  🔮 천칭자리     ✅
  🔮 전갈자리     ✅
  🔮 사수자리     ✅
  🔮 염소자리     ✅
  🔮 물병자리     ✅
  🔮 물고기자리    ✅
✅ 2025-03-13 완료: 12/12

[73/365] 
📅 2025-03-14
  🔮 양자리      ✅
  🔮 황소자리     ✅
  🔮 쌍둥이자리    ✅
  🔮 게자리      ✅
  🔮 사자자리     ✅
  🔮 처녀자리     ✅
  🔮 천칭자리     ✅
  🔮 전갈자리     ✅
  🔮 사수자리     ✅
  🔮 염소자리     ✅
  🔮 물병자리     ✅
  🔮 물고기자리    ✅
✅ 2025-03-14 완료: 12/12

[74/365] 
📅 2025-03-15
  🔮 양자리      ✅
  🔮 황소자리     ✅
  🔮 쌍둥이자리    ✅
  🔮 게자리      ✅
  🔮 사자자리     ✅
  🔮 처녀자리     ✅
  🔮 천칭자리     ✅
  🔮 전갈자리     ✅
  🔮 사수자리     ✅
  🔮 염소자리     ✅
  🔮 물병자리     ✅
  🔮 물고기자리    ✅
✅ 2025-03-15 완료: 12/12

[75/365] 
📅 2025-03-16
  🔮 양자리      ✅
  🔮 황소자리     ✅
  🔮 쌍둥이자리    ✅
  🔮 게자리      ✅
  🔮 사자자리     ✅
  🔮 처녀자리     ✅
  🔮 천칭자리     ✅
  🔮 전갈자리     ✅
  🔮 사수자리     ✅
  🔮 염소자리     ✅
  🔮 물병자리     ✅
  🔮 물고기자리    ✅
✅ 2025-03-16 완료: 12/12
💾 중간 저장 (75일치)

[76/365] 
📅 2025-03-17
  🔮 양자리      ✅
  🔮 황소자리     ✅
  🔮 쌍둥이자리    ✅
  🔮 게자리      ✅
  🔮 사자자리     ✅
  🔮 처녀자리     ✅
  🔮 천칭자리     ✅
  🔮 전갈자리     ✅
  🔮 사수자리     ✅
  🔮 염소자리     ✅
  🔮 물병자리     ✅
  🔮 물고기자리    ✅
✅ 2025-03-17 완료: 12/12

[77/365] 
📅 2025-03-18
  🔮 양자리      ✅
  🔮 황소자리     ✅
  🔮 쌍둥이자리    ✅
  🔮 게자리      ✅
  🔮 사자자리     ✅
  🔮 처녀자리     ✅
  🔮 천칭자리     ✅
  🔮 전갈자리     ✅
  🔮 사수자리     ✅
  🔮 염소자리     ✅
  🔮 물병자리     ✅
  🔮 물고기자리    ✅
✅ 2025-03-18 완료: 12/12

[78/365] 
📅 2025-03-19
  🔮 양자리      ✅
  🔮 황소자리     ✅
  🔮 쌍둥이자리    ✅
  🔮 게자리      ✅
  🔮 사자자리     ✅
  🔮 처녀자리     ✅
  🔮 천칭자리     ✅
  🔮 전갈자리     ✅
  🔮 사수자리     ✅
  🔮 염소자리     ✅
  🔮 물병자리     ✅
  🔮 물고기자리    ✅
✅ 2025-03-19 완료: 12/12

[79/365] 
📅 2025-03-20
  🔮 양자리      ✅
  🔮 황소자리     ✅
  🔮 쌍둥이자리    ✅
  🔮 게자리      ✅
  🔮 사자자리     ✅
  🔮 처녀자리     ✅
  🔮 천칭자리     ✅
  🔮 전갈자리     ✅
  🔮 사수자리     ✅
  🔮 염소자리     ✅
  🔮 물병자리     ✅
  🔮 물고기자리    ✅
✅ 2025-03-20 완료: 12/12

[80/365] 
📅 2025-03-21
  🔮 양자리      ✅
  🔮 황소자리     ✅
  🔮 쌍둥이자리    ✅
  🔮 게자리      ✅
  🔮 사자자리     ✅
  🔮 처녀자리     ✅
  🔮 천칭자리     ✅
  🔮 전갈자리     ✅
  🔮 사수자리     ✅
  🔮 염소자리     ✅
  🔮 물병자리     ✅
  🔮 물고기자리    ✅
✅ 2025-03-21 완료: 12/12
💾 중간 저장 (80일치)

[81/365] 
📅 2025-03-22
  🔮 양자리      ✅
  🔮 황소자리     ✅
  🔮 쌍둥이자리    ✅
  🔮 게자리      ✅
  🔮 사자자리     ✅
  🔮 처녀자리     ✅
  🔮 천칭자리     ✅
  🔮 전갈자리     ✅
  🔮 사수자리     ✅
  🔮 염소자리     ✅
  🔮 물병자리     ✅
  🔮 물고기자리    ✅
✅ 2025-03-22 완료: 12/12

[82/365] 
📅 2025-03-23
  🔮 양자리      ✅
  🔮 황소자리     ✅
  🔮 쌍둥이자리    ✅
  🔮 게자리      ✅
  🔮 사자자리     ✅
  🔮 처녀자리     ✅
  🔮 천칭자리     ✅
  🔮 전갈자리     ✅
  🔮 사수자리     ✅
  🔮 염소자리     ✅
  🔮 물병자리     ✅
  🔮 물고기자리    ✅
✅ 2025-03-23 완료: 12/12

[83/365] 
📅 2025-03-24
  🔮 양자리      ✅
  🔮 황소자리     ✅
  🔮 쌍둥이자리    ✅
  🔮 게자리      ✅
  🔮 사자자리     ✅
  🔮 처녀자리     ✅
  🔮 천칭자리     ✅
  🔮 전갈자리     ✅
  🔮 사수자리     ✅
  🔮 염소자리     ✅
  🔮 물병자리     ✅
  🔮 물고기자리    ✅
✅ 2025-03-24 완료: 12/12

[84/365] 
📅 2025-03-25
  🔮 양자리      ✅
  🔮 황소자리     ✅
  🔮 쌍둥이자리    ✅
  🔮 게자리      ✅
  🔮 사자자리     ✅
  🔮 처녀자리     ✅
  🔮 천칭자리     ✅
  🔮 전갈자리     ✅
  🔮 사수자리     ✅
  🔮 염소자리     ✅
  🔮 물병자리     ✅
  🔮 물고기자리    ✅
✅ 2025-03-25 완료: 12/12

[85/365] 
📅 2025-03-26
  🔮 양자리      ✅
  🔮 황소자리     ✅
  🔮 쌍둥이자리    ✅
  🔮 게자리      ✅
  🔮 사자자리     ✅
  🔮 처녀자리     ✅
  🔮 천칭자리     ✅
  🔮 전갈자리     ✅
  🔮 사수자리     ✅
  🔮 염소자리     ✅
  🔮 물병자리     ✅
  🔮 물고기자리    ✅
✅ 2025-03-26 완료: 12/12
💾 중간 저장 (85일치)

[86/365] 
📅 2025-03-27
  🔮 양자리      ✅
  🔮 황소자리     ✅
  🔮 쌍둥이자리    ✅
  🔮 게자리      ✅
  🔮 사자자리     ✅
  🔮 처녀자리     ✅
  🔮 천칭자리     ✅
  🔮 전갈자리     ✅
  🔮 사수자리     ✅
  🔮 염소자리     ✅
  🔮 물병자리     ✅
  🔮 물고기자리    ✅
✅ 2025-03-27 완료: 12/12

[87/365] 
📅 2025-03-28
  🔮 양자리      ✅
  🔮 황소자리     ✅
  🔮 쌍둥이자리    ✅
  🔮 게자리      ✅
  🔮 사자자리     ✅
  🔮 처녀자리     ✅
  🔮 천칭자리     ✅
  🔮 전갈자리     ✅
  🔮 사수자리     ✅
  🔮 염소자리     ✅
  🔮 물병자리     ✅
  🔮 물고기자리    ✅
✅ 2025-03-28 완료: 12/12

[88/365] 
📅 2025-03-29
  🔮 양자리      ✅
  🔮 황소자리     ✅
  🔮 쌍둥이자리    ✅
  🔮 게자리      ✅
  🔮 사자자리     ✅
  🔮 처녀자리     ✅
  🔮 천칭자리     ✅
  🔮 전갈자리     ✅
  🔮 사수자리     ✅
  🔮 염소자리     ✅
  🔮 물병자리     ✅
  🔮 물고기자리    ✅
✅ 2025-03-29 완료: 12/12

[89/365] 
📅 2025-03-30
  🔮 양자리      ✅
  🔮 황소자리     ✅
  🔮 쌍둥이자리    ✅
  🔮 게자리      ✅
  🔮 사자자리     ✅
  🔮 처녀자리     ✅
  🔮 천칭자리     ✅
  🔮 전갈자리     ✅
  🔮 사수자리     ✅
  🔮 염소자리     ✅
  🔮 물병자리     ✅
  🔮 물고기자리    ✅
✅ 2025-03-30 완료: 12/12

[90/365] 
📅 2025-03-31
  🔮 양자리      ✅
  🔮 황소자리     ✅
  🔮 쌍둥이자리    ✅
  🔮 게자리      ✅
  🔮 사자자리     ✅
  🔮 처녀자리     ✅
  🔮 천칭자리     ✅
  🔮 전갈자리     ✅
  🔮 사수자리     ✅
  🔮 염소자리     ✅
  🔮 물병자리     ✅
  🔮 물고기자리    ✅
✅ 2025-03-31 완료: 12/12
💾 중간 저장 (90일치)

[91/365] 
📅 2025-04-01
  🔮 양자리      ✅
  🔮 황소자리     ✅
  🔮 쌍둥이자리    ✅
  🔮 게자리      ✅
  🔮 사자자리     ✅
  🔮 처녀자리     ✅
  🔮 천칭자리     ✅
  🔮 전갈자리     ✅
  🔮 사수자리     ✅
  🔮 염소자리     ✅
  🔮 물병자리     ✅
  🔮 물고기자리    ✅
✅ 2025-04-01 완료: 12/12

[92/365] 
📅 2025-04-02
  🔮 양자리      ✅
  🔮 황소자리     ✅
  🔮 쌍둥이자리    ✅
  🔮 게자리      ✅
  🔮 사자자리     ✅
  🔮 처녀자리     ✅
  🔮 천칭자리     ✅
  🔮 전갈자리     ✅
  🔮 사수자리     ✅
  🔮 염소자리     ✅
  🔮 물병자리     ✅
  🔮 물고기자리    ✅
✅ 2025-04-02 완료: 12/12

[93/365] 
📅 2025-04-03
  🔮 양자리      ✅
  🔮 황소자리     ✅
  🔮 쌍둥이자리    ✅
  🔮 게자리      ✅
  🔮 사자자리     ✅
  🔮 처녀자리     ✅
  🔮 천칭자리     ✅
  🔮 전갈자리     ✅
  🔮 사수자리     ✅
  🔮 염소자리     ✅
  🔮 물병자리     ✅
  🔮 물고기자리    ✅
✅ 2025-04-03 완료: 12/12

[94/365] 
📅 2025-04-04
  🔮 양자리      ✅
  🔮 황소자리     ✅
  🔮 쌍둥이자리    ✅
  🔮 게자리      ✅
  🔮 사자자리     ✅
  🔮 처녀자리     ✅
  🔮 천칭자리     ✅
  🔮 전갈자리     ✅
  🔮 사수자리     ✅
  🔮 염소자리     ✅
  🔮 물병자리     ✅
  🔮 물고기자리    ✅
✅ 2025-04-04 완료: 12/12

[95/365] 
📅 2025-04-05
  🔮 양자리      ✅
  🔮 황소자리     ✅
  🔮 쌍둥이자리    ✅
  🔮 게자리      ✅
  🔮 사자자리     ✅
  🔮 처녀자리     ✅
  🔮 천칭자리     ✅
  🔮 전갈자리     ✅
  🔮 사수자리     ✅
  🔮 염소자리     ✅
  🔮 물병자리     ✅
  🔮 물고기자리    ✅
✅ 2025-04-05 완료: 12/12
💾 중간 저장 (95일치)

[96/365] 
📅 2025-04-06
  🔮 양자리      ✅
  🔮 황소자리     ✅
  🔮 쌍둥이자리    ✅
  🔮 게자리      ✅
  🔮 사자자리     ✅
  🔮 처녀자리     ✅
  🔮 천칭자리     ✅
  🔮 전갈자리     ✅
  🔮 사수자리     ✅
  🔮 염소자리     ✅
  🔮 물병자리     ✅
  🔮 물고기자리    ✅
✅ 2025-04-06 완료: 12/12

[97/365] 
📅 2025-04-07
  🔮 양자리      ✅
  🔮 황소자리     ✅
  🔮 쌍둥이자리    ✅
  🔮 게자리      ✅
  🔮 사자자리     ✅
  🔮 처녀자리     ✅
  🔮 천칭자리     ✅
  🔮 전갈자리     ✅
  🔮 사수자리     ✅
  🔮 염소자리     ✅
  🔮 물병자리     ✅
  🔮 물고기자리    ✅
✅ 2025-04-07 완료: 12/12

[98/365] 
📅 2025-04-08
  🔮 양자리      ✅
  🔮 황소자리     ✅
  🔮 쌍둥이자리    ✅
  🔮 게자리      ✅
  🔮 사자자리     ✅
  🔮 처녀자리     ✅
  🔮 천칭자리     ✅
  🔮 전갈자리     ✅
  🔮 사수자리     ✅
  🔮 염소자리     ✅
  🔮 물병자리     ✅
  🔮 물고기자리    ✅
✅ 2025-04-08 완료: 12/12

[99/365] 
📅 2025-04-09
  🔮 양자리      ✅
  🔮 황소자리     ✅
  🔮 쌍둥이자리    ✅
  🔮 게자리      ✅
  🔮 사자자리     ✅
  🔮 처녀자리     ✅
  🔮 천칭자리     ✅
  🔮 전갈자리     ✅
  🔮 사수자리     ✅
  🔮 염소자리     ✅
  🔮 물병자리     ✅
  🔮 물고기자리    ✅
✅ 2025-04-09 완료: 12/12

[100/365] 
📅 2025-04-10
  🔮 양자리      ✅
  🔮 황소자리     ✅
  🔮 쌍둥이자리    ✅
  🔮 게자리      ✅
  🔮 사자자리     ✅
  🔮 처녀자리     ✅
  🔮 천칭자리     ✅
  🔮 전갈자리     ✅
  🔮 사수자리     ✅
  🔮 염소자리     ✅
  🔮 물병자리     ✅
  🔮 물고기자리    ✅
✅ 2025-04-10 완료: 12/12
💾 중간 저장 (100일치)

[101/365] 
📅 2025-04-11
  🔮 양자리      ✅
  🔮 황소자리     ✅
  🔮 쌍둥이자리    ✅
  🔮 게자리      ✅
  🔮 사자자리     ✅
  🔮 처녀자리     ✅
  🔮 천칭자리     ✅
  🔮 전갈자리     ✅
  🔮 사수자리     ✅
  🔮 염소자리     ✅
  🔮 물병자리     ✅
  🔮 물고기자리    ✅
✅ 2025-04-11 완료: 12/12

[102/365] 
📅 2025-04-12
  🔮 양자리      ✅
  🔮 황소자리     ✅
  🔮 쌍둥이자리    ✅
  🔮 게자리      ✅
  🔮 사자자리     ✅
  🔮 처녀자리     ✅
  🔮 천칭자리     ✅
  🔮 전갈자리     ✅
  🔮 사수자리     ✅
  🔮 염소자리     ✅
  🔮 물병자리     ✅
  🔮 물고기자리    ✅
✅ 2025-04-12 완료: 12/12

[103/365] 
📅 2025-04-13
  🔮 양자리      ✅
  🔮 황소자리     ✅
  🔮 쌍둥이자리    ✅
  🔮 게자리      ✅
  🔮 사자자리     ✅
  🔮 처녀자리     ✅
  🔮 천칭자리     ✅
  🔮 전갈자리     ✅
  🔮 사수자리     ✅
  🔮 염소자리     ✅
  🔮 물병자리     ✅
  🔮 물고기자리    ✅
✅ 2025-04-13 완료: 12/12

[104/365] 
📅 2025-04-14
  🔮 양자리      ✅
  🔮 황소자리     ✅
  🔮 쌍둥이자리    ✅
  🔮 게자리      ✅
  🔮 사자자리     ✅
  🔮 처녀자리     ✅
  🔮 천칭자리     ✅
  🔮 전갈자리     ✅
  🔮 사수자리     ✅
  🔮 염소자리     ✅
  🔮 물병자리     ✅
  🔮 물고기자리    ✅
✅ 2025-04-14 완료: 12/12

[105/365] 
📅 2025-04-15
  🔮 양자리      ✅
  🔮 황소자리     ✅
  🔮 쌍둥이자리    ✅
  🔮 게자리      ✅
  🔮 사자자리     ✅
  🔮 처녀자리     ✅
  🔮 천칭자리     ✅
  🔮 전갈자리     ✅
  🔮 사수자리     ✅
  🔮 염소자리     ✅
  🔮 물병자리     ✅
  🔮 물고기자리    ✅
✅ 2025-04-15 완료: 12/12
💾 중간 저장 (105일치)

[106/365] 
📅 2025-04-16
  🔮 양자리      ✅
  🔮 황소자리     ✅
  🔮 쌍둥이자리    ✅
  🔮 게자리      ✅
  🔮 사자자리     ✅
  🔮 처녀자리     ✅
  🔮 천칭자리     ✅
  🔮 전갈자리     ✅
  🔮 사수자리     ✅
  🔮 염소자리     ✅
  🔮 물병자리     ✅
  🔮 물고기자리    ✅
✅ 2025-04-16 완료: 12/12

[107/365] 
📅 2025-04-17
  🔮 양자리      ✅
  🔮 황소자리     ✅
  🔮 쌍둥이자리    ✅
  🔮 게자리      ✅
  🔮 사자자리     ✅
  🔮 처녀자리     ✅
  🔮 천칭자리     ✅
  🔮 전갈자리     ✅
  🔮 사수자리     ✅
  🔮 염소자리     ✅
  🔮 물병자리     ✅
  🔮 물고기자리    ✅
✅ 2025-04-17 완료: 12/12

[108/365] 
📅 2025-04-18
  🔮 양자리      ✅
  🔮 황소자리     ✅
  🔮 쌍둥이자리    ✅
  🔮 게자리      ✅
  🔮 사자자리     ✅
  🔮 처녀자리     ✅
  🔮 천칭자리     ✅
  🔮 전갈자리     ✅
  🔮 사수자리     ✅
  🔮 염소자리     ✅
  🔮 물병자리     ✅
  🔮 물고기자리    ✅
✅ 2025-04-18 완료: 12/12

[109/365] 
📅 2025-04-19
  🔮 양자리      ✅
  🔮 황소자리     ✅
  🔮 쌍둥이자리    ✅
  🔮 게자리      ✅
  🔮 사자자리     ✅
  🔮 처녀자리     ✅
  🔮 천칭자리     ✅
  🔮 전갈자리     ✅
  🔮 사수자리     ✅
  🔮 염소자리     ✅
  🔮 물병자리     ✅
  🔮 물고기자리    ✅
✅ 2025-04-19 완료: 12/12

[110/365] 
📅 2025-04-20
  🔮 양자리      ✅
  🔮 황소자리     ✅
  🔮 쌍둥이자리    ✅
  🔮 게자리      ✅
  🔮 사자자리     ✅
  🔮 처녀자리     ✅
  🔮 천칭자리     ✅
  🔮 전갈자리     ✅
  🔮 사수자리     ✅
  🔮 염소자리     ✅
  🔮 물병자리     ✅
  🔮 물고기자리    ✅
✅ 2025-04-20 완료: 12/12
💾 중간 저장 (110일치)

[111/365] 
📅 2025-04-21
  🔮 양자리      ✅
  🔮 황소자리     ✅
  🔮 쌍둥이자리    ✅
  🔮 게자리      ✅
  🔮 사자자리     ✅
  🔮 처녀자리     ✅
  🔮 천칭자리     ✅
  🔮 전갈자리     ✅
  🔮 사수자리     ✅
  🔮 염소자리     ✅
  🔮 물병자리     ✅
  🔮 물고기자리    ✅
✅ 2025-04-21 완료: 12/12

[112/365] 
📅 2025-04-22
  🔮 양자리      ✅
  🔮 황소자리     ✅
  🔮 쌍둥이자리    ✅
  🔮 게자리      ✅
  🔮 사자자리     ✅
  🔮 처녀자리     ✅
  🔮 천칭자리     ✅
  🔮 전갈자리     ✅
  🔮 사수자리     ✅
  🔮 염소자리     ✅
  🔮 물병자리     ✅
  🔮 물고기자리    ✅
✅ 2025-04-22 완료: 12/12

[113/365] 
📅 2025-04-23
  🔮 양자리      ✅
  🔮 황소자리     ✅
  🔮 쌍둥이자리    ✅
  🔮 게자리      ✅
  🔮 사자자리     ✅
  🔮 처녀자리     ✅
  🔮 천칭자리     ✅
  🔮 전갈자리     ✅
  🔮 사수자리     ✅
  🔮 염소자리     ✅
  🔮 물병자리     ✅
  🔮 물고기자리    ✅
✅ 2025-04-23 완료: 12/12

[114/365] 
📅 2025-04-24
  🔮 양자리      ✅
  🔮 황소자리     ✅
  🔮 쌍둥이자리    ✅
  🔮 게자리      ✅
  🔮 사자자리     ✅
  🔮 처녀자리     ✅
  🔮 천칭자리     ✅
  🔮 전갈자리     ✅
  🔮 사수자리     ✅
  🔮 염소자리     ✅
  🔮 물병자리     ✅
  🔮 물고기자리    ✅
✅ 2025-04-24 완료: 12/12

[115/365] 
📅 2025-04-25
  🔮 양자리      ✅
  🔮 황소자리     ✅
  🔮 쌍둥이자리    ✅
  🔮 게자리      ✅
  🔮 사자자리     ✅
  🔮 처녀자리     ✅
  🔮 천칭자리     ✅
  🔮 전갈자리     ✅
  🔮 사수자리     ✅
  🔮 염소자리     ✅
  🔮 물병자리     ✅
  🔮 물고기자리    ✅
✅ 2025-04-25 완료: 12/12
💾 중간 저장 (115일치)

[116/365] 
📅 2025-04-26
  🔮 양자리      ✅
  🔮 황소자리     ✅
  🔮 쌍둥이자리    ✅
  🔮 게자리      ✅
  🔮 사자자리     ✅
  🔮 처녀자리     ✅
  🔮 천칭자리     ✅
  🔮 전갈자리     ✅
  🔮 사수자리     ✅
  🔮 염소자리     ✅
  🔮 물병자리     ✅
  🔮 물고기자리    ✅
✅ 2025-04-26 완료: 12/12

[117/365] 
📅 2025-04-27
  🔮 양자리      ✅
  🔮 황소자리     ✅
  🔮 쌍둥이자리    ✅
  🔮 게자리      ✅
  🔮 사자자리     ✅
  🔮 처녀자리     ✅
  🔮 천칭자리     ✅
  🔮 전갈자리     ✅
  🔮 사수자리     ✅
  🔮 염소자리     ✅
  🔮 물병자리     ✅
  🔮 물고기자리    ✅
✅ 2025-04-27 완료: 12/12

[118/365] 
📅 2025-04-28
  🔮 양자리      ✅
  🔮 황소자리     ✅
  🔮 쌍둥이자리    ✅
  🔮 게자리      ✅
  🔮 사자자리     ✅
  🔮 처녀자리     ✅
  🔮 천칭자리     ✅
  🔮 전갈자리     ✅
  🔮 사수자리     ✅
  🔮 염소자리     ✅
  🔮 물병자리     ✅
  🔮 물고기자리    ✅
✅ 2025-04-28 완료: 12/12

[119/365] 
📅 2025-04-29
  🔮 양자리      ✅
  🔮 황소자리     ✅
  🔮 쌍둥이자리    ✅
  🔮 게자리      ✅
  🔮 사자자리     ✅
  🔮 처녀자리     ✅
  🔮 천칭자리     ✅
  🔮 전갈자리     ✅
  🔮 사수자리     ✅
  🔮 염소자리     ✅
  🔮 물병자리     ✅
  🔮 물고기자리    ✅
✅ 2025-04-29 완료: 12/12

[120/365] 
📅 2025-04-30
  🔮 양자리      ✅
  🔮 황소자리     ✅
  🔮 쌍둥이자리    ✅
  🔮 게자리      ✅
  🔮 사자자리     ✅
  🔮 처녀자리     ✅
  🔮 천칭자리     ✅
  🔮 전갈자리     ✅
  🔮 사수자리     ✅
  🔮 염소자리     ✅
  🔮 물병자리     ✅
  🔮 물고기자리    ✅
✅ 2025-04-30 완료: 12/12
💾 중간 저장 (120일치)

[121/365] 
📅 2025-05-01
  🔮 양자리      ✅
  🔮 황소자리     ✅
  🔮 쌍둥이자리    ✅
  🔮 게자리      ✅
  🔮 사자자리     ✅
  🔮 처녀자리     ✅
  🔮 천칭자리     ✅
  🔮 전갈자리     ✅
  🔮 사수자리     ✅
  🔮 염소자리     ✅
  🔮 물병자리     ✅
  🔮 물고기자리    ✅
✅ 2025-05-01 완료: 12/12

[122/365] 
📅 2025-05-02
  🔮 양자리      ✅
  🔮 황소자리     ✅
  🔮 쌍둥이자리    ✅
  🔮 게자리      ✅
  🔮 사자자리     ✅
  🔮 처녀자리     ✅
  🔮 천칭자리     ✅
  🔮 전갈자리     ✅
  🔮 사수자리     ✅
  🔮 염소자리     ✅
  🔮 물병자리     ✅
  🔮 물고기자리    ✅
✅ 2025-05-02 완료: 12/12

[123/365] 
📅 2025-05-03
  🔮 양자리      ✅
  🔮 황소자리     ✅
  🔮 쌍둥이자리    ✅
  🔮 게자리      ✅
  🔮 사자자리     ✅
  🔮 처녀자리     ✅
  🔮 천칭자리     ✅
  🔮 전갈자리     ✅
  🔮 사수자리     ✅
  🔮 염소자리     ✅
  🔮 물병자리     ✅
  🔮 물고기자리    ✅
✅ 2025-05-03 완료: 12/12

[124/365] 
📅 2025-05-04
  🔮 양자리      ✅
  🔮 황소자리     ✅
  🔮 쌍둥이자리    ✅
  🔮 게자리      ✅
  🔮 사자자리     ✅
  🔮 처녀자리     ✅
  🔮 천칭자리     ✅
  🔮 전갈자리     ✅
  🔮 사수자리     ✅
  🔮 염소자리     ✅
  🔮 물병자리     ✅
  🔮 물고기자리    ✅
✅ 2025-05-04 완료: 12/12

[125/365] 
📅 2025-05-05
  🔮 양자리      ✅
  🔮 황소자리     ✅
  🔮 쌍둥이자리    ✅
  🔮 게자리      ✅
  🔮 사자자리     ✅
  🔮 처녀자리     ✅
  🔮 천칭자리     ✅
  🔮 전갈자리     ✅
  🔮 사수자리     ✅
  🔮 염소자리     ✅
  🔮 물병자리     ✅
  🔮 물고기자리    ✅
✅ 2025-05-05 완료: 12/12
💾 중간 저장 (125일치)

[126/365] 
📅 2025-05-06
  🔮 양자리      ✅
  🔮 황소자리     ✅
  🔮 쌍둥이자리    ✅
  🔮 게자리      ✅
  🔮 사자자리     ✅
  🔮 처녀자리     ✅
  🔮 천칭자리     ✅
  🔮 전갈자리     ✅
  🔮 사수자리     ✅
  🔮 염소자리     ✅
  🔮 물병자리     ✅
  🔮 물고기자리    ✅
✅ 2025-05-06 완료: 12/12

[127/365] 
📅 2025-05-07
  🔮 양자리      ✅
  🔮 황소자리     ✅
  🔮 쌍둥이자리    ✅
  🔮 게자리      ✅
  🔮 사자자리     ✅
  🔮 처녀자리     ✅
  🔮 천칭자리     ✅
  🔮 전갈자리     ✅
  🔮 사수자리     ✅
  🔮 염소자리     ✅
  🔮 물병자리     ✅
  🔮 물고기자리    ✅
✅ 2025-05-07 완료: 12/12

[128/365] 
📅 2025-05-08
  🔮 양자리      ✅
  🔮 황소자리     ✅
  🔮 쌍둥이자리    ✅
  🔮 게자리      ✅
  🔮 사자자리     ✅
  🔮 처녀자리     ✅
  🔮 천칭자리     ✅
  🔮 전갈자리     ✅
  🔮 사수자리     ✅
  🔮 염소자리     ✅
  🔮 물병자리     ✅
  🔮 물고기자리    ✅
✅ 2025-05-08 완료: 12/12

[129/365] 
📅 2025-05-09
  🔮 양자리      ✅
  🔮 황소자리     ✅
  🔮 쌍둥이자리    ✅
  🔮 게자리      ✅
  🔮 사자자리     ✅
  🔮 처녀자리     ✅
  🔮 천칭자리     ✅
  🔮 전갈자리     ✅
  🔮 사수자리     ✅
  🔮 염소자리     ✅
  🔮 물병자리     ✅
  🔮 물고기자리    ✅
✅ 2025-05-09 완료: 12/12

[130/365] 
📅 2025-05-10
  🔮 양자리      ✅
  🔮 황소자리     ✅
  🔮 쌍둥이자리    ✅
  🔮 게자리      ✅
  🔮 사자자리     ✅
  🔮 처녀자리     ✅
  🔮 천칭자리     ✅
  🔮 전갈자리     ✅
  🔮 사수자리     ✅
  🔮 염소자리     ✅
  🔮 물병자리     ✅
  🔮 물고기자리    ✅
✅ 2025-05-10 완료: 12/12
💾 중간 저장 (130일치)

[131/365] 
📅 2025-05-11
  🔮 양자리      ✅
  🔮 황소자리     ✅
  🔮 쌍둥이자리    ✅
  🔮 게자리      ✅
  🔮 사자자리     ✅
  🔮 처녀자리     ✅
  🔮 천칭자리     ✅
  🔮 전갈자리     ✅
  🔮 사수자리     ✅
  🔮 염소자리     ✅
  🔮 물병자리     ✅
  🔮 물고기자리    ✅
✅ 2025-05-11 완료: 12/12

[132/365] 
📅 2025-05-12
  🔮 양자리      ✅
  🔮 황소자리     ✅
  🔮 쌍둥이자리    ✅
  🔮 게자리      ✅
  🔮 사자자리     ✅
  🔮 처녀자리     ✅
  🔮 천칭자리     ✅
  🔮 전갈자리     ✅
  🔮 사수자리     ✅
  🔮 염소자리     ✅
  🔮 물병자리     ✅
  🔮 물고기자리    ✅
✅ 2025-05-12 완료: 12/12

[133/365] 
📅 2025-05-13
  🔮 양자리      ✅
  🔮 황소자리     ✅
  🔮 쌍둥이자리    ✅
  🔮 게자리      ✅
  🔮 사자자리     ✅
  🔮 처녀자리     ✅
  🔮 천칭자리     ✅
  🔮 전갈자리     ✅
  🔮 사수자리     ✅
  🔮 염소자리     ✅
  🔮 물병자리     ✅
  🔮 물고기자리    ✅
✅ 2025-05-13 완료: 12/12

[134/365] 
📅 2025-05-14
  🔮 양자리      ✅
  🔮 황소자리     ✅
  🔮 쌍둥이자리    ✅
  🔮 게자리      ✅
  🔮 사자자리     ✅
  🔮 처녀자리     ✅
  🔮 천칭자리     ✅
  🔮 전갈자리     ✅
  🔮 사수자리     ✅
  🔮 염소자리     ✅
  🔮 물병자리     ✅
  🔮 물고기자리    ✅
✅ 2025-05-14 완료: 12/12

[135/365] 
📅 2025-05-15
  🔮 양자리      ✅
  🔮 황소자리     ✅
  🔮 쌍둥이자리    ✅
  🔮 게자리      ✅
  🔮 사자자리     ✅
  🔮 처녀자리     ✅
  🔮 천칭자리     ✅
  🔮 전갈자리     ✅
  🔮 사수자리     ✅
  🔮 염소자리     ✅
  🔮 물병자리     ✅
  🔮 물고기자리    ✅
✅ 2025-05-15 완료: 12/12
💾 중간 저장 (135일치)

[136/365] 
📅 2025-05-16
  🔮 양자리      ✅
  🔮 황소자리     ✅
  🔮 쌍둥이자리    ✅
  🔮 게자리      ✅
  🔮 사자자리     ✅
  🔮 처녀자리     ✅
  🔮 천칭자리     ✅
  🔮 전갈자리     ✅
  🔮 사수자리     ✅
  🔮 염소자리     ✅
  🔮 물병자리     ✅
  🔮 물고기자리    ✅
✅ 2025-05-16 완료: 12/12

[137/365] 
📅 2025-05-17
  🔮 양자리      ✅
  🔮 황소자리     ✅
  🔮 쌍둥이자리    ✅
  🔮 게자리      ✅
  🔮 사자자리     ✅
  🔮 처녀자리     ✅
  🔮 천칭자리     ✅
  🔮 전갈자리     ✅
  🔮 사수자리     ✅
  🔮 염소자리     ✅
  🔮 물병자리     ✅
  🔮 물고기자리    ✅
✅ 2025-05-17 완료: 12/12

[138/365] 
📅 2025-05-18
  🔮 양자리      ✅
  🔮 황소자리     ✅
  🔮 쌍둥이자리    ✅
  🔮 게자리      ✅
  🔮 사자자리     ✅
  🔮 처녀자리     ✅
  🔮 천칭자리     ✅
  🔮 전갈자리     ✅
  🔮 사수자리     ✅
  🔮 염소자리     ✅
  🔮 물병자리     ✅
  🔮 물고기자리    ✅
✅ 2025-05-18 완료: 12/12

[139/365] 
📅 2025-05-19
  🔮 양자리      ✅
  🔮 황소자리     ✅
  🔮 쌍둥이자리    ✅
  🔮 게자리      ✅
  🔮 사자자리     ✅
  🔮 처녀자리     ✅
  🔮 천칭자리     ✅
  🔮 전갈자리     ✅
  🔮 사수자리     ✅
  🔮 염소자리     ✅
  🔮 물병자리     ✅
  🔮 물고기자리    ✅
✅ 2025-05-19 완료: 12/12

[140/365] 
📅 2025-05-20
  🔮 양자리      ✅
  🔮 황소자리     ✅
  🔮 쌍둥이자리    ✅
  🔮 게자리      ✅
  🔮 사자자리     ✅
  🔮 처녀자리     ✅
  🔮 천칭자리     ✅
  🔮 전갈자리     ✅
  🔮 사수자리     ✅
  🔮 염소자리     ✅
  🔮 물병자리     ✅
  🔮 물고기자리    ✅
✅ 2025-05-20 완료: 12/12
💾 중간 저장 (140일치)

[141/365] 
📅 2025-05-21
  🔮 양자리      ✅
  🔮 황소자리     ✅
  🔮 쌍둥이자리    ✅
  🔮 게자리      ✅
  🔮 사자자리     ✅
  🔮 처녀자리     ✅
  🔮 천칭자리     ✅
  🔮 전갈자리     ✅
  🔮 사수자리     ✅
  🔮 염소자리     ✅
  🔮 물병자리     ✅
  🔮 물고기자리    ✅
✅ 2025-05-21 완료: 12/12

[142/365] 
📅 2025-05-22
  🔮 양자리      ✅
  🔮 황소자리     ✅
  🔮 쌍둥이자리    ✅
  🔮 게자리      ✅
  🔮 사자자리     ✅
  🔮 처녀자리     ✅
  🔮 천칭자리     ✅
  🔮 전갈자리     ✅
  🔮 사수자리     ✅
  🔮 염소자리     ✅
  🔮 물병자리     ✅
  🔮 물고기자리    ✅
✅ 2025-05-22 완료: 12/12

[143/365] 
📅 2025-05-23
  🔮 양자리      ✅
  🔮 황소자리     ✅
  🔮 쌍둥이자리    ✅
  🔮 게자리      ✅
  🔮 사자자리     ✅
  🔮 처녀자리     ✅
  🔮 천칭자리     ✅
  🔮 전갈자리     ✅
  🔮 사수자리     ✅
  🔮 염소자리     ✅
  🔮 물병자리     ✅
  🔮 물고기자리    ✅
✅ 2025-05-23 완료: 12/12

[144/365] 
📅 2025-05-24
  🔮 양자리      ✅
  🔮 황소자리     ✅
  🔮 쌍둥이자리    ✅
  🔮 게자리      ✅
  🔮 사자자리     ✅
  🔮 처녀자리     ✅
  🔮 천칭자리     ✅
  🔮 전갈자리     ✅
  🔮 사수자리     ✅
  🔮 염소자리     ✅
  🔮 물병자리     ✅
  🔮 물고기자리    ✅
✅ 2025-05-24 완료: 12/12

[145/365] 
📅 2025-05-25
  🔮 양자리      ✅
  🔮 황소자리     ✅
  🔮 쌍둥이자리    ✅
  🔮 게자리      ✅
  🔮 사자자리     ✅
  🔮 처녀자리     ✅
  🔮 천칭자리     ✅
  🔮 전갈자리     ✅
  🔮 사수자리     ✅
  🔮 염소자리     ✅
  🔮 물병자리     ✅
  🔮 물고기자리    ✅
✅ 2025-05-25 완료: 12/12
💾 중간 저장 (145일치)

[146/365] 
📅 2025-05-26
  🔮 양자리      ✅
  🔮 황소자리     ✅
  🔮 쌍둥이자리    ✅
  🔮 게자리      ✅
  🔮 사자자리     ✅
  🔮 처녀자리     ✅
  🔮 천칭자리     ✅
  🔮 전갈자리     ✅
  🔮 사수자리     ✅
  🔮 염소자리     ✅
  🔮 물병자리     ✅
  🔮 물고기자리    ✅
✅ 2025-05-26 완료: 12/12

[147/365] 
📅 2025-05-27
  🔮 양자리      ✅
  🔮 황소자리     ✅
  🔮 쌍둥이자리    ✅
  🔮 게자리      ✅
  🔮 사자자리     ✅
  🔮 처녀자리     ✅
  🔮 천칭자리     ✅
  🔮 전갈자리     ✅
  🔮 사수자리     ✅
  🔮 염소자리     ✅
  🔮 물병자리     ✅
  🔮 물고기자리    ✅
✅ 2025-05-27 완료: 12/12

[148/365] 
📅 2025-05-28
  🔮 양자리      ✅
  🔮 황소자리     ✅
  🔮 쌍둥이자리    ✅
  🔮 게자리      ✅
  🔮 사자자리     ✅
  🔮 처녀자리     ✅
  🔮 천칭자리     ✅
  🔮 전갈자리     ✅
  🔮 사수자리     ✅
  🔮 염소자리     ✅
  🔮 물병자리     ✅
  🔮 물고기자리    ✅
✅ 2025-05-28 완료: 12/12

[149/365] 
📅 2025-05-29
  🔮 양자리      ✅
  🔮 황소자리     ✅
  🔮 쌍둥이자리    ✅
  🔮 게자리      ✅
  🔮 사자자리     ✅
  🔮 처녀자리     ✅
  🔮 천칭자리     ✅
  🔮 전갈자리     ✅
  🔮 사수자리     ✅
  🔮 염소자리     ✅
  🔮 물병자리     ✅
  🔮 물고기자리    ✅
✅ 2025-05-29 완료: 12/12

[150/365] 
📅 2025-05-30
  🔮 양자리      ✅
  🔮 황소자리     ✅
  🔮 쌍둥이자리    ✅
  🔮 게자리      ✅
  🔮 사자자리     ✅
  🔮 처녀자리     ✅
  🔮 천칭자리     ✅
  🔮 전갈자리     ✅
  🔮 사수자리     ✅
  🔮 염소자리     ✅
  🔮 물병자리     ✅
  🔮 물고기자리    ✅
✅ 2025-05-30 완료: 12/12
💾 중간 저장 (150일치)

[151/365] 
📅 2025-05-31
  🔮 양자리      ✅
  🔮 황소자리     ✅
  🔮 쌍둥이자리    ✅
  🔮 게자리      ✅
  🔮 사자자리     ✅
  🔮 처녀자리     ✅
  🔮 천칭자리     ✅
  🔮 전갈자리     ✅
  🔮 사수자리     ✅
  🔮 염소자리     ✅
  🔮 물병자리     ✅
  🔮 물고기자리    ✅
✅ 2025-05-31 완료: 12/12

[152/365] 
📅 2025-06-01
  🔮 양자리      ✅
  🔮 황소자리     ✅
  🔮 쌍둥이자리    ✅
  🔮 게자리      ✅
  🔮 사자자리     ✅
  🔮 처녀자리     ✅
  🔮 천칭자리     ✅
  🔮 전갈자리     ✅
  🔮 사수자리     ✅
  🔮 염소자리     ✅
  🔮 물병자리     ✅
  🔮 물고기자리    ✅
✅ 2025-06-01 완료: 12/12

[153/365] 
📅 2025-06-02
  🔮 양자리      ✅
  🔮 황소자리     ✅
  🔮 쌍둥이자리    ✅
  🔮 게자리      ✅
  🔮 사자자리     ✅
  🔮 처녀자리     ✅
  🔮 천칭자리     ✅
  🔮 전갈자리     ✅
  🔮 사수자리     ✅
  🔮 염소자리     ✅
  🔮 물병자리     ✅
  🔮 물고기자리    ✅
✅ 2025-06-02 완료: 12/12

[154/365] 
📅 2025-06-03
  🔮 양자리      ✅
  🔮 황소자리     ✅
  🔮 쌍둥이자리    ✅
  🔮 게자리      ✅
  🔮 사자자리     ✅
  🔮 처녀자리     ✅
  🔮 천칭자리     ✅
  🔮 전갈자리     ✅
  🔮 사수자리     ✅
  🔮 염소자리     ✅
  🔮 물병자리     ✅
  🔮 물고기자리    ✅
✅ 2025-06-03 완료: 12/12

[155/365] 
📅 2025-06-04
  🔮 양자리      ✅
  🔮 황소자리     ✅
  🔮 쌍둥이자리    ✅
  🔮 게자리      ✅
  🔮 사자자리     ✅
  🔮 처녀자리     ✅
  🔮 천칭자리     ✅
  🔮 전갈자리     ✅
  🔮 사수자리     ✅
  🔮 염소자리     ✅
  🔮 물병자리     ✅
  🔮 물고기자리    ✅
✅ 2025-06-04 완료: 12/12
💾 중간 저장 (155일치)

[156/365] 
📅 2025-06-05
  🔮 양자리      ✅
  🔮 황소자리     ✅
  🔮 쌍둥이자리    ✅
  🔮 게자리      ✅
  🔮 사자자리     ✅
  🔮 처녀자리     ✅
  🔮 천칭자리     ✅
  🔮 전갈자리     ✅
  🔮 사수자리     ✅
  🔮 염소자리     ✅
  🔮 물병자리     ✅
  🔮 물고기자리    ✅
✅ 2025-06-05 완료: 12/12

[157/365] 
📅 2025-06-06
  🔮 양자리      ✅
  🔮 황소자리     ✅
  🔮 쌍둥이자리    ✅
  🔮 게자리      ✅
  🔮 사자자리     ✅
  🔮 처녀자리     ✅
  🔮 천칭자리     ✅
  🔮 전갈자리     ✅
  🔮 사수자리     ✅
  🔮 염소자리     ✅
  🔮 물병자리     ✅
  🔮 물고기자리    ✅
✅ 2025-06-06 완료: 12/12

[158/365] 
📅 2025-06-07
  🔮 양자리      ✅
  🔮 황소자리     ✅
  🔮 쌍둥이자리    ✅
  🔮 게자리      ✅
  🔮 사자자리     ✅
  🔮 처녀자리     ✅
  🔮 천칭자리     ✅
  🔮 전갈자리     ✅
  🔮 사수자리     ✅
  🔮 염소자리     ✅
  🔮 물병자리     ✅
  🔮 물고기자리    ✅
✅ 2025-06-07 완료: 12/12

[159/365] 
📅 2025-06-08
  🔮 양자리      ✅
  🔮 황소자리     ✅
  🔮 쌍둥이자리    ✅
  🔮 게자리      ✅
  🔮 사자자리     ✅
  🔮 처녀자리     ✅
  🔮 천칭자리     ✅
  🔮 전갈자리     ✅
  🔮 사수자리     ✅
  🔮 염소자리     ✅
  🔮 물병자리     ✅
  🔮 물고기자리    ✅
✅ 2025-06-08 완료: 12/12

[160/365] 
📅 2025-06-09
  🔮 양자리      ✅
  🔮 황소자리     ✅
  🔮 쌍둥이자리    ✅
  🔮 게자리      ✅
  🔮 사자자리     ✅
  🔮 처녀자리     ✅
  🔮 천칭자리     ✅
  🔮 전갈자리     ✅
  🔮 사수자리     ✅
  🔮 염소자리     ✅
  🔮 물병자리     ✅
  🔮 물고기자리    ✅
✅ 2025-06-09 완료: 12/12
💾 중간 저장 (160일치)

[161/365] 
📅 2025-06-10
  🔮 양자리      ✅
  🔮 황소자리     ✅
  🔮 쌍둥이자리    ✅
  🔮 게자리      ✅
  🔮 사자자리     ✅
  🔮 처녀자리     ✅
  🔮 천칭자리     ✅
  🔮 전갈자리     ✅
  🔮 사수자리     ✅
  🔮 염소자리     ✅
  🔮 물병자리     ✅
  🔮 물고기자리    ✅
✅ 2025-06-10 완료: 12/12

[162/365] 
📅 2025-06-11
  🔮 양자리      ✅
  🔮 황소자리     ✅
  🔮 쌍둥이자리    ✅
  🔮 게자리      ✅
  🔮 사자자리     ✅
  🔮 처녀자리     ✅
  🔮 천칭자리     ✅
  🔮 전갈자리     ✅
  🔮 사수자리     ✅
  🔮 염소자리     ✅
  🔮 물병자리     ✅
  🔮 물고기자리    ✅
✅ 2025-06-11 완료: 12/12

[163/365] 
📅 2025-06-12
  🔮 양자리      ✅
  🔮 황소자리     ✅
  🔮 쌍둥이자리    ✅
  🔮 게자리      ✅
  🔮 사자자리     ✅
  🔮 처녀자리     ✅
  🔮 천칭자리     ✅
  🔮 전갈자리     ✅
  🔮 사수자리     ✅
  🔮 염소자리     ✅
  🔮 물병자리     ✅
  🔮 물고기자리    ✅
✅ 2025-06-12 완료: 12/12

[164/365] 
📅 2025-06-13
  🔮 양자리      ✅
  🔮 황소자리     ✅
  🔮 쌍둥이자리    ✅
  🔮 게자리      ✅
  🔮 사자자리     ✅
  🔮 처녀자리     ✅
  🔮 천칭자리     ✅
  🔮 전갈자리     ✅
  🔮 사수자리     ✅
  🔮 염소자리     ✅
  🔮 물병자리     ✅
  🔮 물고기자리    ✅
✅ 2025-06-13 완료: 12/12

[165/365] 
📅 2025-06-14
  🔮 양자리      ✅
  🔮 황소자리     ✅
  🔮 쌍둥이자리    ✅
  🔮 게자리      ✅
  🔮 사자자리     ✅
  🔮 처녀자리     ✅
  🔮 천칭자리     ✅
  🔮 전갈자리     ✅
  🔮 사수자리     ✅
  🔮 염소자리     ✅
  🔮 물병자리     ✅
  🔮 물고기자리    ✅
✅ 2025-06-14 완료: 12/12
💾 중간 저장 (165일치)

[166/365] 
📅 2025-06-15
  🔮 양자리      ✅
  🔮 황소자리     ✅
  🔮 쌍둥이자리    ✅
  🔮 게자리      ✅
  🔮 사자자리     ✅
  🔮 처녀자리     ✅
  🔮 천칭자리     ✅
  🔮 전갈자리     ✅
  🔮 사수자리     ✅
  🔮 염소자리     ✅
  🔮 물병자리     ✅
  🔮 물고기자리    ✅
✅ 2025-06-15 완료: 12/12

[167/365] 
📅 2025-06-16
  🔮 양자리      ✅
  🔮 황소자리     ✅
  🔮 쌍둥이자리    ✅
  🔮 게자리      ✅
  🔮 사자자리     ✅
  🔮 처녀자리     ✅
  🔮 천칭자리     ✅
  🔮 전갈자리     ✅
  🔮 사수자리     ✅
  🔮 염소자리     ✅
  🔮 물병자리     ✅
  🔮 물고기자리    ✅
✅ 2025-06-16 완료: 12/12

[168/365] 
📅 2025-06-17
  🔮 양자리      ✅
  🔮 황소자리     ✅
  🔮 쌍둥이자리    ✅
  🔮 게자리      ✅
  🔮 사자자리     ✅
  🔮 처녀자리     ✅
  🔮 천칭자리     ✅
  🔮 전갈자리     ✅
  🔮 사수자리     ✅
  🔮 염소자리     ✅
  🔮 물병자리     ✅
  🔮 물고기자리    ✅
✅ 2025-06-17 완료: 12/12

[169/365] 
📅 2025-06-18
  🔮 양자리      ✅
  🔮 황소자리     ✅
  🔮 쌍둥이자리    ✅
  🔮 게자리      ✅
  🔮 사자자리     ✅
  🔮 처녀자리     ✅
  🔮 천칭자리     ✅
  🔮 전갈자리     ✅
  🔮 사수자리     ✅
  🔮 염소자리     ✅
  🔮 물병자리     ✅
  🔮 물고기자리    ✅
✅ 2025-06-18 완료: 12/12

[170/365] 
📅 2025-06-19
  🔮 양자리      ✅
  🔮 황소자리     ✅
  🔮 쌍둥이자리    ✅
  🔮 게자리      ✅
  🔮 사자자리     ✅
  🔮 처녀자리     ✅
  🔮 천칭자리     ✅
  🔮 전갈자리     ✅
  🔮 사수자리     ✅
  🔮 염소자리     ✅
  🔮 물병자리     ✅
  🔮 물고기자리    ✅
✅ 2025-06-19 완료: 12/12
💾 중간 저장 (170일치)

[171/365] 
📅 2025-06-20
  🔮 양자리      ✅
  🔮 황소자리     ✅
  🔮 쌍둥이자리    ✅
  🔮 게자리      ✅
  🔮 사자자리     ✅
  🔮 처녀자리     ✅
  🔮 천칭자리     ✅
  🔮 전갈자리     ✅
  🔮 사수자리     ✅
  🔮 염소자리     ✅
  🔮 물병자리     ✅
  🔮 물고기자리    ✅
✅ 2025-06-20 완료: 12/12

[172/365] 
📅 2025-06-21
  🔮 양자리      ✅
  🔮 황소자리     ✅
  🔮 쌍둥이자리    ✅
  🔮 게자리      ✅
  🔮 사자자리     ✅
  🔮 처녀자리     ✅
  🔮 천칭자리     ✅
  🔮 전갈자리     ✅
  🔮 사수자리     ✅
  🔮 염소자리     ✅
  🔮 물병자리     ✅
  🔮 물고기자리    ✅
✅ 2025-06-21 완료: 12/12

[173/365] 
📅 2025-06-22
  🔮 양자리      ✅
  🔮 황소자리     ✅
  🔮 쌍둥이자리    ✅
  🔮 게자리      ✅
  🔮 사자자리     ✅
  🔮 처녀자리     ✅
  🔮 천칭자리     ✅
  🔮 전갈자리     ✅
  🔮 사수자리     ✅
  🔮 염소자리     ✅
  🔮 물병자리     ✅
  🔮 물고기자리    ✅
✅ 2025-06-22 완료: 12/12

[174/365] 
📅 2025-06-23
  🔮 양자리      ✅
  🔮 황소자리     ✅
  🔮 쌍둥이자리    ✅
  🔮 게자리      ✅
  🔮 사자자리     ✅
  🔮 처녀자리     ✅
  🔮 천칭자리     ✅
  🔮 전갈자리     ✅
  🔮 사수자리     ✅
  🔮 염소자리     ✅
  🔮 물병자리     ✅
  🔮 물고기자리    ✅
✅ 2025-06-23 완료: 12/12

[175/365] 
📅 2025-06-24
  🔮 양자리      ✅
  🔮 황소자리     ✅
  🔮 쌍둥이자리    ✅
  🔮 게자리      ✅
  🔮 사자자리     ✅
  🔮 처녀자리     ✅
  🔮 천칭자리     ✅
  🔮 전갈자리     ✅
  🔮 사수자리     ✅
  🔮 염소자리     ✅
  🔮 물병자리     ✅
  🔮 물고기자리    ✅
✅ 2025-06-24 완료: 12/12
💾 중간 저장 (175일치)

[176/365] 
📅 2025-06-25
  🔮 양자리      ✅
  🔮 황소자리     ✅
  🔮 쌍둥이자리    ✅
  🔮 게자리      ✅
  🔮 사자자리     ✅
  🔮 처녀자리     ✅
  🔮 천칭자리     ✅
  🔮 전갈자리     ✅
  🔮 사수자리     ✅
  🔮 염소자리     ✅
  🔮 물병자리     ✅
  🔮 물고기자리    ✅
✅ 2025-06-25 완료: 12/12

[177/365] 
📅 2025-06-26
  🔮 양자리      ✅
  🔮 황소자리     ✅
  🔮 쌍둥이자리    ✅
  🔮 게자리      ✅
  🔮 사자자리     ✅
  🔮 처녀자리     ✅
  🔮 천칭자리     ✅
  🔮 전갈자리     ✅
  🔮 사수자리     ✅
  🔮 염소자리     ✅
  🔮 물병자리     ✅
  🔮 물고기자리    ✅
✅ 2025-06-26 완료: 12/12

[178/365] 
📅 2025-06-27
  🔮 양자리      ✅
  🔮 황소자리     ✅
  🔮 쌍둥이자리    ✅
  🔮 게자리      ✅
  🔮 사자자리     ✅
  🔮 처녀자리     ✅
  🔮 천칭자리     ✅
  🔮 전갈자리     ✅
  🔮 사수자리     ✅
  🔮 염소자리     ✅
  🔮 물병자리     ✅
  🔮 물고기자리    ✅
✅ 2025-06-27 완료: 12/12

[179/365] 
📅 2025-06-28
  🔮 양자리      ✅
  🔮 황소자리     ✅
  🔮 쌍둥이자리    ✅
  🔮 게자리      ✅
  🔮 사자자리     ✅
  🔮 처녀자리     ✅
  🔮 천칭자리     ✅
  🔮 전갈자리     ✅
  🔮 사수자리     ✅
  🔮 염소자리     ✅
  🔮 물병자리     ✅
  🔮 물고기자리    ✅
✅ 2025-06-28 완료: 12/12

[180/365] 
📅 2025-06-29
  🔮 양자리      ✅
  🔮 황소자리     ✅
  🔮 쌍둥이자리    ✅
  🔮 게자리      ✅
  🔮 사자자리     ✅
  🔮 처녀자리     ✅
  🔮 천칭자리     ✅
  🔮 전갈자리     ✅
  🔮 사수자리     ✅
  🔮 염소자리     ✅
  🔮 물병자리     ✅
  🔮 물고기자리    ✅
✅ 2025-06-29 완료: 12/12
💾 중간 저장 (180일치)

[181/365] 
📅 2025-06-30
  🔮 양자리      ✅
  🔮 황소자리     ✅
  🔮 쌍둥이자리    ✅
  🔮 게자리      ✅
  🔮 사자자리     ✅
  🔮 처녀자리     ✅
  🔮 천칭자리     ✅
  🔮 전갈자리     ✅
  🔮 사수자리     ✅
  🔮 염소자리     ✅
  🔮 물병자리     ✅
  🔮 물고기자리    ✅
✅ 2025-06-30 완료: 12/12

[182/365] 
📅 2025-07-01
  🔮 양자리      ✅
  🔮 황소자리     ✅
  🔮 쌍둥이자리    ✅
  🔮 게자리      ✅
  🔮 사자자리     ✅
  🔮 처녀자리     ✅
  🔮 천칭자리     ✅
  🔮 전갈자리     ✅
  🔮 사수자리     ✅
  🔮 염소자리     ✅
  🔮 물병자리     ✅
  🔮 물고기자리    ✅
✅ 2025-07-01 완료: 12/12

[183/365] 
📅 2025-07-02
  🔮 양자리      ✅
  🔮 황소자리     ✅
  🔮 쌍둥이자리    ✅
  🔮 게자리      ✅
  🔮 사자자리     ✅
  🔮 처녀자리     ✅
  🔮 천칭자리     ✅
  🔮 전갈자리     ✅
  🔮 사수자리     ✅
  🔮 염소자리     ✅
  🔮 물병자리     ✅
  🔮 물고기자리    ✅
✅ 2025-07-02 완료: 12/12

[184/365] 
📅 2025-07-03
  🔮 양자리      ✅
  🔮 황소자리     ✅
  🔮 쌍둥이자리    ✅
  🔮 게자리      ✅
  🔮 사자자리     ✅
  🔮 처녀자리     ✅
  🔮 천칭자리     ✅
  🔮 전갈자리     ✅
  🔮 사수자리     ✅
  🔮 염소자리     ✅
  🔮 물병자리     ✅
  🔮 물고기자리    ✅
✅ 2025-07-03 완료: 12/12

[185/365] 
📅 2025-07-04
  🔮 양자리      ✅
  🔮 황소자리     ✅
  🔮 쌍둥이자리    ✅
  🔮 게자리      ✅
  🔮 사자자리     ✅
  🔮 처녀자리     ✅
  🔮 천칭자리     ✅
  🔮 전갈자리     ✅
  🔮 사수자리     ✅
  🔮 염소자리     ✅
  🔮 물병자리     ✅
  🔮 물고기자리    ✅
✅ 2025-07-04 완료: 12/12
💾 중간 저장 (185일치)

[186/365] 
📅 2025-07-05
  🔮 양자리      ✅
  🔮 황소자리     ✅
  🔮 쌍둥이자리    ✅
  🔮 게자리      ✅
  🔮 사자자리     ✅
  🔮 처녀자리     ✅
  🔮 천칭자리     ✅
  🔮 전갈자리     ✅
  🔮 사수자리     ✅
  🔮 염소자리     ✅
  🔮 물병자리     ✅
  🔮 물고기자리    ✅
✅ 2025-07-05 완료: 12/12

[187/365] 
📅 2025-07-06
  🔮 양자리      ✅
  🔮 황소자리     ✅
  🔮 쌍둥이자리    ✅
  🔮 게자리      ✅
  🔮 사자자리     ✅
  🔮 처녀자리     ✅
  🔮 천칭자리     ✅
  🔮 전갈자리     ✅
  🔮 사수자리     ✅
  🔮 염소자리     ✅
  🔮 물병자리     ✅
  🔮 물고기자리    ✅
✅ 2025-07-06 완료: 12/12

[188/365] 
📅 2025-07-07
  🔮 양자리      ✅
  🔮 황소자리     ✅
  🔮 쌍둥이자리    ✅
  🔮 게자리      ✅
  🔮 사자자리     ✅
  🔮 처녀자리     ✅
  🔮 천칭자리     ✅
  🔮 전갈자리     ✅
  🔮 사수자리     ✅
  🔮 염소자리     ✅
  🔮 물병자리     ✅
  🔮 물고기자리    ✅
✅ 2025-07-07 완료: 12/12

[189/365] 
📅 2025-07-08
  🔮 양자리      ✅
  🔮 황소자리     ✅
  🔮 쌍둥이자리    ✅
  🔮 게자리      ✅
  🔮 사자자리     ✅
  🔮 처녀자리     ✅
  🔮 천칭자리     ✅
  🔮 전갈자리     ✅
  🔮 사수자리     ✅
  🔮 염소자리     ✅
  🔮 물병자리     ✅
  🔮 물고기자리    ✅
✅ 2025-07-08 완료: 12/12

[190/365] 
📅 2025-07-09
  🔮 양자리      ✅
  🔮 황소자리     ✅
  🔮 쌍둥이자리    ✅
  🔮 게자리      ✅
  🔮 사자자리     ✅
  🔮 처녀자리     ✅
  🔮 천칭자리     ✅
  🔮 전갈자리     ✅
  🔮 사수자리     ✅
  🔮 염소자리     ✅
  🔮 물병자리     ✅
  🔮 물고기자리    ✅
✅ 2025-07-09 완료: 12/12
💾 중간 저장 (190일치)

[191/365] 
📅 2025-07-10
  🔮 양자리      ✅
  🔮 황소자리     ✅
  🔮 쌍둥이자리    ✅
  🔮 게자리      ✅
  🔮 사자자리     ✅
  🔮 처녀자리     ✅
  🔮 천칭자리     ✅
  🔮 전갈자리     ✅
  🔮 사수자리     ✅
  🔮 염소자리     ✅
  🔮 물병자리     ✅
  🔮 물고기자리    ✅
✅ 2025-07-10 완료: 12/12

[192/365] 
📅 2025-07-11
  🔮 양자리      ✅
  🔮 황소자리     ✅
  🔮 쌍둥이자리    ✅
  🔮 게자리      ✅
  🔮 사자자리     ✅
  🔮 처녀자리     ✅
  🔮 천칭자리     ✅
  🔮 전갈자리     ✅
  🔮 사수자리     ✅
  🔮 염소자리     ✅
  🔮 물병자리     ✅
  🔮 물고기자리    ✅
✅ 2025-07-11 완료: 12/12

[193/365] 
📅 2025-07-12
  🔮 양자리      ✅
  🔮 황소자리     ✅
  🔮 쌍둥이자리    ✅
  🔮 게자리      ✅
  🔮 사자자리     ✅
  🔮 처녀자리     ✅
  🔮 천칭자리     ✅
  🔮 전갈자리     ✅
  🔮 사수자리     ✅
  🔮 염소자리     ✅
  🔮 물병자리     ✅
  🔮 물고기자리    ✅
✅ 2025-07-12 완료: 12/12

[194/365] 
📅 2025-07-13
  🔮 양자리      ✅
  🔮 황소자리     ✅
  🔮 쌍둥이자리    ✅
  🔮 게자리      ✅
  🔮 사자자리     ✅
  🔮 처녀자리     ✅
  🔮 천칭자리     ✅
  🔮 전갈자리     ✅
  🔮 사수자리     ✅
  🔮 염소자리     ✅
  🔮 물병자리     ✅
  🔮 물고기자리    ✅
✅ 2025-07-13 완료: 12/12

[195/365] 
📅 2025-07-14
  🔮 양자리      ✅
  🔮 황소자리     ✅
  🔮 쌍둥이자리    ✅
  🔮 게자리      ✅
  🔮 사자자리     ✅
  🔮 처녀자리     ✅
  🔮 천칭자리     ✅
  🔮 전갈자리     ✅
  🔮 사수자리     ✅
  🔮 염소자리     ✅
  🔮 물병자리     ✅
  🔮 물고기자리    ✅
✅ 2025-07-14 완료: 12/12
💾 중간 저장 (195일치)

[196/365] 
📅 2025-07-15
  🔮 양자리      ✅
  🔮 황소자리     ✅
  🔮 쌍둥이자리    ✅
  🔮 게자리      ✅
  🔮 사자자리     ✅
  🔮 처녀자리     ✅
  🔮 천칭자리     ✅
  🔮 전갈자리     ✅
  🔮 사수자리     ✅
  🔮 염소자리     ✅
  🔮 물병자리     ✅
  🔮 물고기자리    ✅
✅ 2025-07-15 완료: 12/12

[197/365] 
📅 2025-07-16
  🔮 양자리      ✅
  🔮 황소자리     ✅
  🔮 쌍둥이자리    ✅
  🔮 게자리      ✅
  🔮 사자자리     ✅
  🔮 처녀자리     ✅
  🔮 천칭자리     ✅
  🔮 전갈자리     ✅
  🔮 사수자리     ✅
  🔮 염소자리     ✅
  🔮 물병자리     ✅
  🔮 물고기자리    ✅
✅ 2025-07-16 완료: 12/12

[198/365] 
📅 2025-07-17
  🔮 양자리      ✅
  🔮 황소자리     ✅
  🔮 쌍둥이자리    ✅
  🔮 게자리      ✅
  🔮 사자자리     ✅
  🔮 처녀자리     ✅
  🔮 천칭자리     ✅
  🔮 전갈자리     ✅
  🔮 사수자리     ✅
  🔮 염소자리     ✅
  🔮 물병자리     ✅
  🔮 물고기자리    ✅
✅ 2025-07-17 완료: 12/12

[199/365] 
📅 2025-07-18
  🔮 양자리      ✅
  🔮 황소자리     ✅
  🔮 쌍둥이자리    ✅
  🔮 게자리      ✅
  🔮 사자자리     ✅
  🔮 처녀자리     ✅
  🔮 천칭자리     ✅
  🔮 전갈자리     ✅
  🔮 사수자리     ✅
  🔮 염소자리     ✅
  🔮 물병자리     ✅
  🔮 물고기자리    ✅
✅ 2025-07-18 완료: 12/12

[200/365] 
📅 2025-07-19
  🔮 양자리      ✅
  🔮 황소자리     ✅
  🔮 쌍둥이자리    ✅
  🔮 게자리      ✅
  🔮 사자자리     ✅
  🔮 처녀자리     ✅
  🔮 천칭자리     ✅
  🔮 전갈자리     ✅
  🔮 사수자리     ✅
  🔮 염소자리     ✅
  🔮 물병자리     ✅
  🔮 물고기자리    ✅
✅ 2025-07-19 완료: 12/12
💾 중간 저장 (200일치)

[201/365] 
📅 2025-07-20
  🔮 양자리      ✅
  🔮 황소자리     ✅
  🔮 쌍둥이자리    ✅
  🔮 게자리      ✅
  🔮 사자자리     ✅
  🔮 처녀자리     ✅
  🔮 천칭자리     ✅
  🔮 전갈자리     ✅
  🔮 사수자리     ✅
  🔮 염소자리     ✅
  🔮 물병자리     ✅
  🔮 물고기자리    ✅
✅ 2025-07-20 완료: 12/12

[202/365] 
📅 2025-07-21
  🔮 양자리      ✅
  🔮 황소자리     ✅
  🔮 쌍둥이자리    ✅
  🔮 게자리      ✅
  🔮 사자자리     ✅
  🔮 처녀자리     ✅
  🔮 천칭자리     ✅
  🔮 전갈자리     ✅
  🔮 사수자리     ✅
  🔮 염소자리     ✅
  🔮 물병자리     ✅
  🔮 물고기자리    ✅
✅ 2025-07-21 완료: 12/12

[203/365] 
📅 2025-07-22
  🔮 양자리      ✅
  🔮 황소자리     ✅
  🔮 쌍둥이자리    ✅
  🔮 게자리      ✅
  🔮 사자자리     ✅
  🔮 처녀자리     ✅
  🔮 천칭자리     ✅
  🔮 전갈자리     ✅
  🔮 사수자리     ✅
  🔮 염소자리     ✅
  🔮 물병자리     ✅
  🔮 물고기자리    ✅
✅ 2025-07-22 완료: 12/12

[204/365] 
📅 2025-07-23
  🔮 양자리      ✅
  🔮 황소자리     ✅
  🔮 쌍둥이자리    ✅
  🔮 게자리      ✅
  🔮 사자자리     ✅
  🔮 처녀자리     ✅
  🔮 천칭자리     ✅
  🔮 전갈자리     ✅
  🔮 사수자리     ✅
  🔮 염소자리     ✅
  🔮 물병자리     ✅
  🔮 물고기자리    ✅
✅ 2025-07-23 완료: 12/12

[205/365] 
📅 2025-07-24
  🔮 양자리      ✅
  🔮 황소자리     ✅
  🔮 쌍둥이자리    ✅
  🔮 게자리      ✅
  🔮 사자자리     ✅
  🔮 처녀자리     ✅
  🔮 천칭자리     ✅
  🔮 전갈자리     ✅
  🔮 사수자리     ✅
  🔮 염소자리     ✅
  🔮 물병자리     ✅
  🔮 물고기자리    ✅
✅ 2025-07-24 완료: 12/12
💾 중간 저장 (205일치)

[206/365] 
📅 2025-07-25
  🔮 양자리      ✅
  🔮 황소자리     ✅
  🔮 쌍둥이자리    ✅
  🔮 게자리      ✅
  🔮 사자자리     ✅
  🔮 처녀자리     ✅
  🔮 천칭자리     ✅
  🔮 전갈자리     ✅
  🔮 사수자리     ✅
  🔮 염소자리     ✅
  🔮 물병자리     ✅
  🔮 물고기자리    ✅
✅ 2025-07-25 완료: 12/12

[207/365] 
📅 2025-07-26
  🔮 양자리      ✅
  🔮 황소자리     ✅
  🔮 쌍둥이자리    ✅
  🔮 게자리      ✅
  🔮 사자자리     ✅
  🔮 처녀자리     ✅
  🔮 천칭자리     ✅
  🔮 전갈자리     ✅
  🔮 사수자리     ✅
  🔮 염소자리     ✅
  🔮 물병자리     ✅
  🔮 물고기자리    ✅
✅ 2025-07-26 완료: 12/12

[208/365] 
📅 2025-07-27
  🔮 양자리      ✅
  🔮 황소자리     ✅
  🔮 쌍둥이자리    ✅
  🔮 게자리      ✅
  🔮 사자자리     ✅
  🔮 처녀자리     ✅
  🔮 천칭자리     ✅
  🔮 전갈자리     ✅
  🔮 사수자리     ✅
  🔮 염소자리     ✅
  🔮 물병자리     ✅
  🔮 물고기자리    ✅
✅ 2025-07-27 완료: 12/12

[209/365] 
📅 2025-07-28
  🔮 양자리      ✅
  🔮 황소자리     ✅
  🔮 쌍둥이자리    ✅
  🔮 게자리      ✅
  🔮 사자자리     ✅
  🔮 처녀자리     ✅
  🔮 천칭자리     ✅
  🔮 전갈자리     ✅
  🔮 사수자리     ✅
  🔮 염소자리     ✅
  🔮 물병자리     ✅
  🔮 물고기자리    ✅
✅ 2025-07-28 완료: 12/12

[210/365] 
📅 2025-07-29
  🔮 양자리      ✅
  🔮 황소자리     ✅
  🔮 쌍둥이자리    ✅
  🔮 게자리      ✅
  🔮 사자자리     ✅
  🔮 처녀자리     ✅
  🔮 천칭자리     ✅
  🔮 전갈자리     ✅
  🔮 사수자리     ✅
  🔮 염소자리     ✅
  🔮 물병자리     ✅
  🔮 물고기자리    ✅
✅ 2025-07-29 완료: 12/12
💾 중간 저장 (210일치)

[211/365] 
📅 2025-07-30
  🔮 양자리      ✅
  🔮 황소자리     ✅
  🔮 쌍둥이자리    ✅
  🔮 게자리      ✅
  🔮 사자자리     ✅
  🔮 처녀자리     ✅
  🔮 천칭자리     ✅
  🔮 전갈자리     ✅
  🔮 사수자리     ✅
  🔮 염소자리     ✅
  🔮 물병자리     ✅
  🔮 물고기자리    ✅
✅ 2025-07-30 완료: 12/12

[212/365] 
📅 2025-07-31
  🔮 양자리      ✅
  🔮 황소자리     ✅
  🔮 쌍둥이자리    ✅
  🔮 게자리      ✅
  🔮 사자자리     ✅
  🔮 처녀자리     ✅
  🔮 천칭자리     ✅
  🔮 전갈자리     ✅
  🔮 사수자리     ✅
  🔮 염소자리     ✅
  🔮 물병자리     ✅
  🔮 물고기자리    ✅
✅ 2025-07-31 완료: 12/12

[213/365] 
📅 2025-08-01
  🔮 양자리      ✅
  🔮 황소자리     ✅
  🔮 쌍둥이자리    ✅
  🔮 게자리      ✅
  🔮 사자자리     ✅
  🔮 처녀자리     ✅
  🔮 천칭자리     ✅
  🔮 전갈자리     ✅
  🔮 사수자리     ✅
  🔮 염소자리     ✅
  🔮 물병자리     ✅
  🔮 물고기자리    ✅
✅ 2025-08-01 완료: 12/12

[214/365] 
📅 2025-08-02
  🔮 양자리      ✅
  🔮 황소자리     ✅
  🔮 쌍둥이자리    ✅
  🔮 게자리      ✅
  🔮 사자자리     ✅
  🔮 처녀자리     ✅
  🔮 천칭자리     ✅
  🔮 전갈자리     ✅
  🔮 사수자리     ✅
  🔮 염소자리     ✅
  🔮 물병자리     ✅
  🔮 물고기자리    ✅
✅ 2025-08-02 완료: 12/12

[215/365] 
📅 2025-08-03
  🔮 양자리      ✅
  🔮 황소자리     ✅
  🔮 쌍둥이자리    ✅
  🔮 게자리      ✅
  🔮 사자자리     ✅
  🔮 처녀자리     ✅
  🔮 천칭자리     ✅
  🔮 전갈자리     ✅
  🔮 사수자리     ✅
  🔮 염소자리     ✅
  🔮 물병자리     ✅
  🔮 물고기자리    ✅
✅ 2025-08-03 완료: 12/12
💾 중간 저장 (215일치)

[216/365] 
📅 2025-08-04
  🔮 양자리      ✅
  🔮 황소자리     ✅
  🔮 쌍둥이자리    ✅
  🔮 게자리      ✅
  🔮 사자자리     ✅
  🔮 처녀자리     ✅
  🔮 천칭자리     ✅
  🔮 전갈자리     ✅
  🔮 사수자리     ✅
  🔮 염소자리     ✅
  🔮 물병자리     ✅
  🔮 물고기자리    ✅
✅ 2025-08-04 완료: 12/12

[217/365] 
📅 2025-08-05
  🔮 양자리      ✅
  🔮 황소자리     ✅
  🔮 쌍둥이자리    ✅
  🔮 게자리      ✅
  🔮 사자자리     ✅
  🔮 처녀자리     ✅
  🔮 천칭자리     ✅
  🔮 전갈자리     ✅
  🔮 사수자리     ✅
  🔮 염소자리     ✅
  🔮 물병자리     ✅
  🔮 물고기자리    ✅
✅ 2025-08-05 완료: 12/12

[218/365] 
📅 2025-08-06
  🔮 양자리      ✅
  🔮 황소자리     ✅
  🔮 쌍둥이자리    ✅
  🔮 게자리      ✅
  🔮 사자자리     ✅
  🔮 처녀자리     ✅
  🔮 천칭자리     ✅
  🔮 전갈자리     ✅
  🔮 사수자리     ✅
  🔮 염소자리     ✅
  🔮 물병자리     ✅
  🔮 물고기자리    ✅
✅ 2025-08-06 완료: 12/12

[219/365] 
📅 2025-08-07
  🔮 양자리      ✅
  🔮 황소자리     ✅
  🔮 쌍둥이자리    ✅
  🔮 게자리      ✅
  🔮 사자자리     ✅
  🔮 처녀자리     ✅
  🔮 천칭자리     ✅
  🔮 전갈자리     ✅
  🔮 사수자리     ✅
  🔮 염소자리     ✅
  🔮 물병자리     ✅
  🔮 물고기자리    ✅
✅ 2025-08-07 완료: 12/12

[220/365] 
📅 2025-08-08
  🔮 양자리      ✅
  🔮 황소자리     ✅
  🔮 쌍둥이자리    ✅
  🔮 게자리      ✅
  🔮 사자자리     ✅
  🔮 처녀자리     ✅
  🔮 천칭자리     ✅
  🔮 전갈자리     ✅
  🔮 사수자리     ✅
  🔮 염소자리     ✅
  🔮 물병자리     ✅
  🔮 물고기자리    ✅
✅ 2025-08-08 완료: 12/12
💾 중간 저장 (220일치)

[221/365] 
📅 2025-08-09
  🔮 양자리      ✅
  🔮 황소자리     ✅
  🔮 쌍둥이자리    ✅
  🔮 게자리      ✅
  🔮 사자자리     ✅
  🔮 처녀자리     ✅
  🔮 천칭자리     ✅
  🔮 전갈자리     ✅
  🔮 사수자리     ✅
  🔮 염소자리     ✅
  🔮 물병자리     ✅
  🔮 물고기자리    ✅
✅ 2025-08-09 완료: 12/12

[222/365] 
📅 2025-08-10
  🔮 양자리      ✅
  🔮 황소자리     ✅
  🔮 쌍둥이자리    ✅
  🔮 게자리      ✅
  🔮 사자자리     ✅
  🔮 처녀자리     ✅
  🔮 천칭자리     ✅
  🔮 전갈자리     ✅
  🔮 사수자리     ✅
  🔮 염소자리     ✅
  🔮 물병자리     ✅
  🔮 물고기자리    ✅
✅ 2025-08-10 완료: 12/12

[223/365] 
📅 2025-08-11
  🔮 양자리      ✅
  🔮 황소자리     ✅
  🔮 쌍둥이자리    ✅
  🔮 게자리      ✅
  🔮 사자자리     ✅
  🔮 처녀자리     ✅
  🔮 천칭자리     ✅
  🔮 전갈자리     ✅
  🔮 사수자리     ✅
  🔮 염소자리     ✅
  🔮 물병자리     ✅
  🔮 물고기자리    ✅
✅ 2025-08-11 완료: 12/12

[224/365] 
📅 2025-08-12
  🔮 양자리      ✅
  🔮 황소자리     ✅
  🔮 쌍둥이자리    ✅
  🔮 게자리      ✅
  🔮 사자자리     ✅
  🔮 처녀자리     ✅
  🔮 천칭자리     ✅
  🔮 전갈자리     ✅
  🔮 사수자리     ✅
  🔮 염소자리     ✅
  🔮 물병자리     ✅
  🔮 물고기자리    ✅
✅ 2025-08-12 완료: 12/12

[225/365] 
📅 2025-08-13
  🔮 양자리      ✅
  🔮 황소자리     ✅
  🔮 쌍둥이자리    ✅
  🔮 게자리      ✅
  🔮 사자자리     ✅
  🔮 처녀자리     ✅
  🔮 천칭자리     ✅
  🔮 전갈자리     ✅
  🔮 사수자리     ✅
  🔮 염소자리     ✅
  🔮 물병자리     ✅
  🔮 물고기자리    ✅
✅ 2025-08-13 완료: 12/12
💾 중간 저장 (225일치)

[226/365] 
📅 2025-08-14
  🔮 양자리      ✅
  🔮 황소자리     ✅
  🔮 쌍둥이자리    ✅
  🔮 게자리      ✅
  🔮 사자자리     ✅
  🔮 처녀자리     ✅
  🔮 천칭자리     ✅
  🔮 전갈자리     ✅
  🔮 사수자리     ✅
  🔮 염소자리     ✅
  🔮 물병자리     ✅
  🔮 물고기자리    ✅
✅ 2025-08-14 완료: 12/12

[227/365] 
📅 2025-08-15
  🔮 양자리      ✅
  🔮 황소자리     ✅
  🔮 쌍둥이자리    ✅
  🔮 게자리      ✅
  🔮 사자자리     ✅
  🔮 처녀자리     ✅
  🔮 천칭자리     ✅
  🔮 전갈자리     ✅
  🔮 사수자리     ✅
  🔮 염소자리     ✅
  🔮 물병자리     ✅
  🔮 물고기자리    ✅
✅ 2025-08-15 완료: 12/12

[228/365] 
📅 2025-08-16
  🔮 양자리      ✅
  🔮 황소자리     ✅
  🔮 쌍둥이자리    ✅
  🔮 게자리      ✅
  🔮 사자자리     ✅
  🔮 처녀자리     ✅
  🔮 천칭자리     ✅
  🔮 전갈자리     ✅
  🔮 사수자리     ✅
  🔮 염소자리     ✅
  🔮 물병자리     ✅
  🔮 물고기자리    ✅
✅ 2025-08-16 완료: 12/12

[229/365] 
📅 2025-08-17
  🔮 양자리      ✅
  🔮 황소자리     ✅
  🔮 쌍둥이자리    ✅
  🔮 게자리      ✅
  🔮 사자자리     ✅
  🔮 처녀자리     ✅
  🔮 천칭자리     ✅
  🔮 전갈자리     ✅
  🔮 사수자리     ✅
  🔮 염소자리     ✅
  🔮 물병자리     ✅
  🔮 물고기자리    ✅
✅ 2025-08-17 완료: 12/12

[230/365] 
📅 2025-08-18
  🔮 양자리      ✅
  🔮 황소자리     ✅
  🔮 쌍둥이자리    ✅
  🔮 게자리      ✅
  🔮 사자자리     ✅
  🔮 처녀자리     ✅
  🔮 천칭자리     ✅
  🔮 전갈자리     ✅
  🔮 사수자리     ✅
  🔮 염소자리     ✅
  🔮 물병자리     ✅
  🔮 물고기자리    ✅
✅ 2025-08-18 완료: 12/12
💾 중간 저장 (230일치)

[231/365] 
📅 2025-08-19
  🔮 양자리      ✅
  🔮 황소자리     ✅
  🔮 쌍둥이자리    ✅
  🔮 게자리      ✅
  🔮 사자자리     ✅
  🔮 처녀자리     ✅
  🔮 천칭자리     ✅
  🔮 전갈자리     ✅
  🔮 사수자리     ✅
  🔮 염소자리     ✅
  🔮 물병자리     ✅
  🔮 물고기자리    ✅
✅ 2025-08-19 완료: 12/12

[232/365] 
📅 2025-08-20
  🔮 양자리      ✅
  🔮 황소자리     ✅
  🔮 쌍둥이자리    ✅
  🔮 게자리      ✅
  🔮 사자자리     ✅
  🔮 처녀자리     ✅
  🔮 천칭자리     ✅
  🔮 전갈자리     ✅
  🔮 사수자리     ✅
  🔮 염소자리     ✅
  🔮 물병자리     ✅
  🔮 물고기자리    ✅
✅ 2025-08-20 완료: 12/12

[233/365] 
📅 2025-08-21
  🔮 양자리      ✅
  🔮 황소자리     ✅
  🔮 쌍둥이자리    ✅
  🔮 게자리      ✅
  🔮 사자자리     ✅
  🔮 처녀자리     ✅
  🔮 천칭자리     ✅
  🔮 전갈자리     ✅
  🔮 사수자리     ✅
  🔮 염소자리     ✅
  🔮 물병자리     ✅
  🔮 물고기자리    ✅
✅ 2025-08-21 완료: 12/12

[234/365] 
📅 2025-08-22
  🔮 양자리      ✅
  🔮 황소자리     ✅
  🔮 쌍둥이자리    ✅
  🔮 게자리      ✅
  🔮 사자자리     ✅
  🔮 처녀자리     ✅
  🔮 천칭자리     ✅
  🔮 전갈자리     ✅
  🔮 사수자리     ✅
  🔮 염소자리     ✅
  🔮 물병자리     ✅
  🔮 물고기자리    ✅
✅ 2025-08-22 완료: 12/12

[235/365] 
📅 2025-08-23
  🔮 양자리      ✅
  🔮 황소자리     ✅
  🔮 쌍둥이자리    ✅
  🔮 게자리      ✅
  🔮 사자자리     ✅
  🔮 처녀자리     ✅
  🔮 천칭자리     ✅
  🔮 전갈자리     ✅
  🔮 사수자리     ✅
  🔮 염소자리     ✅
  🔮 물병자리     ✅
  🔮 물고기자리    ✅
✅ 2025-08-23 완료: 12/12
💾 중간 저장 (235일치)

[236/365] 
📅 2025-08-24
  🔮 양자리      ✅
  🔮 황소자리     ✅
  🔮 쌍둥이자리    ✅
  🔮 게자리      ✅
  🔮 사자자리     ✅
  🔮 처녀자리     ✅
  🔮 천칭자리     ✅
  🔮 전갈자리     ✅
  🔮 사수자리     ✅
  🔮 염소자리     ✅
  🔮 물병자리     ✅
  🔮 물고기자리    ✅
✅ 2025-08-24 완료: 12/12

[237/365] 
📅 2025-08-25
  🔮 양자리      ✅
  🔮 황소자리     ✅
  🔮 쌍둥이자리    ✅
  🔮 게자리      ✅
  🔮 사자자리     ✅
  🔮 처녀자리     ✅
  🔮 천칭자리     ✅
  🔮 전갈자리     ✅
  🔮 사수자리     ✅
  🔮 염소자리     ✅
  🔮 물병자리     ✅
  🔮 물고기자리    ✅
✅ 2025-08-25 완료: 12/12

[238/365] 
📅 2025-08-26
  🔮 양자리      ✅
  🔮 황소자리     ✅
  🔮 쌍둥이자리    ✅
  🔮 게자리      ✅
  🔮 사자자리     ✅
  🔮 처녀자리     ✅
  🔮 천칭자리     ✅
  🔮 전갈자리     ✅
  🔮 사수자리     ✅
  🔮 염소자리     ✅
  🔮 물병자리     ✅
  🔮 물고기자리    ✅
✅ 2025-08-26 완료: 12/12

[239/365] 
📅 2025-08-27
  🔮 양자리      ✅
  🔮 황소자리     ✅
  🔮 쌍둥이자리    ✅
  🔮 게자리      ✅
  🔮 사자자리     ✅
  🔮 처녀자리     ✅
  🔮 천칭자리     ✅
  🔮 전갈자리     ✅
  🔮 사수자리     ✅
  🔮 염소자리     ✅
  🔮 물병자리     ✅
  🔮 물고기자리    ✅
✅ 2025-08-27 완료: 12/12

[240/365] 
📅 2025-08-28
  🔮 양자리      ✅
  🔮 황소자리     ✅
  🔮 쌍둥이자리    ✅
  🔮 게자리      ✅
  🔮 사자자리     ✅
  🔮 처녀자리     ✅
  🔮 천칭자리     ✅
  🔮 전갈자리     ✅
  🔮 사수자리     ✅
  🔮 염소자리     ✅
  🔮 물병자리     ✅
  🔮 물고기자리    ✅
✅ 2025-08-28 완료: 12/12
💾 중간 저장 (240일치)

[241/365] 
📅 2025-08-29
  🔮 양자리      ✅
  🔮 황소자리     ✅
  🔮 쌍둥이자리    ✅
  🔮 게자리      ✅
  🔮 사자자리     ✅
  🔮 처녀자리     ✅
  🔮 천칭자리     ✅
  🔮 전갈자리     ✅
  🔮 사수자리     ✅
  🔮 염소자리     ✅
  🔮 물병자리     ✅
  🔮 물고기자리    ✅
✅ 2025-08-29 완료: 12/12

[242/365] 
📅 2025-08-30
  🔮 양자리      ✅
  🔮 황소자리     ✅
  🔮 쌍둥이자리    ✅
  🔮 게자리      ✅
  🔮 사자자리     ✅
  🔮 처녀자리     ✅
  🔮 천칭자리     ✅
  🔮 전갈자리     ✅
  🔮 사수자리     ✅
  🔮 염소자리     ✅
  🔮 물병자리     ✅
  🔮 물고기자리    ✅
✅ 2025-08-30 완료: 12/12

[243/365] 
📅 2025-08-31
  🔮 양자리      ✅
  🔮 황소자리     ✅
  🔮 쌍둥이자리    ✅
  🔮 게자리      ✅
  🔮 사자자리     ✅
  🔮 처녀자리     ✅
  🔮 천칭자리     ✅
  🔮 전갈자리     ✅
  🔮 사수자리     ✅
  🔮 염소자리     ✅
  🔮 물병자리     ✅
  🔮 물고기자리    ✅
✅ 2025-08-31 완료: 12/12

[244/365] 
📅 2025-09-01
  🔮 양자리      ✅
  🔮 황소자리     ✅
  🔮 쌍둥이자리    ✅
  🔮 게자리      ✅
  🔮 사자자리     ✅
  🔮 처녀자리     ✅
  🔮 천칭자리     ✅
  🔮 전갈자리     ✅
  🔮 사수자리     ✅
  🔮 염소자리     ✅
  🔮 물병자리     ✅
  🔮 물고기자리    ✅
✅ 2025-09-01 완료: 12/12

[245/365] 
📅 2025-09-02
  🔮 양자리      ✅
  🔮 황소자리     ✅
  🔮 쌍둥이자리    ✅
  🔮 게자리      ✅
  🔮 사자자리     ✅
  🔮 처녀자리     ✅
  🔮 천칭자리     ✅
  🔮 전갈자리     ✅
  🔮 사수자리     ✅
  🔮 염소자리     ✅
  🔮 물병자리     ✅
  🔮 물고기자리    ✅
✅ 2025-09-02 완료: 12/12
💾 중간 저장 (245일치)

[246/365] 
📅 2025-09-03
  🔮 양자리      ✅
  🔮 황소자리     ✅
  🔮 쌍둥이자리    ✅
  🔮 게자리      ✅
  🔮 사자자리     ✅
  🔮 처녀자리     ✅
  🔮 천칭자리     ✅
  🔮 전갈자리     ✅
  🔮 사수자리     ✅
  🔮 염소자리     ✅
  🔮 물병자리     ✅
  🔮 물고기자리    ✅
✅ 2025-09-03 완료: 12/12

[247/365] 
📅 2025-09-04
  🔮 양자리      ✅
  🔮 황소자리     ✅
  🔮 쌍둥이자리    ✅
  🔮 게자리      ✅
  🔮 사자자리     ✅
  🔮 처녀자리     ✅
  🔮 천칭자리     ✅
  🔮 전갈자리     ✅
  🔮 사수자리     ✅
  🔮 염소자리     ✅
  🔮 물병자리     ✅
  🔮 물고기자리    ✅
✅ 2025-09-04 완료: 12/12

[248/365] 
📅 2025-09-05
  🔮 양자리      ✅
  🔮 황소자리     ✅
  🔮 쌍둥이자리    ✅
  🔮 게자리      ✅
  🔮 사자자리     ✅
  🔮 처녀자리     ✅
  🔮 천칭자리     ✅
  🔮 전갈자리     ✅
  🔮 사수자리     ✅
  🔮 염소자리     ✅
  🔮 물병자리     ✅
  🔮 물고기자리    ✅
✅ 2025-09-05 완료: 12/12

[249/365] 
📅 2025-09-06
  🔮 양자리      ✅
  🔮 황소자리     ✅
  🔮 쌍둥이자리    ✅
  🔮 게자리      ✅
  🔮 사자자리     ✅
  🔮 처녀자리     ✅
  🔮 천칭자리     ✅
  🔮 전갈자리     ✅
  🔮 사수자리     ✅
  🔮 염소자리     ✅
  🔮 물병자리     ✅
  🔮 물고기자리    ✅
✅ 2025-09-06 완료: 12/12

[250/365] 
📅 2025-09-07
  🔮 양자리      ✅
  🔮 황소자리     ✅
  🔮 쌍둥이자리    ✅
  🔮 게자리      ✅
  🔮 사자자리     ✅
  🔮 처녀자리     ✅
  🔮 천칭자리     ✅
  🔮 전갈자리     ✅
  🔮 사수자리     ✅
  🔮 염소자리     ✅
  🔮 물병자리     ✅
  🔮 물고기자리    ✅
✅ 2025-09-07 완료: 12/12
💾 중간 저장 (250일치)

[251/365] 
📅 2025-09-08
  🔮 양자리      ✅
  🔮 황소자리     ✅
  🔮 쌍둥이자리    ✅
  🔮 게자리      ✅
  🔮 사자자리     ✅
  🔮 처녀자리     ✅
  🔮 천칭자리     ✅
  🔮 전갈자리     ✅
  🔮 사수자리     ✅
  🔮 염소자리     ✅
  🔮 물병자리     ✅
  🔮 물고기자리    ✅
✅ 2025-09-08 완료: 12/12

[252/365] 
📅 2025-09-09
  🔮 양자리      ✅
  🔮 황소자리     ✅
  🔮 쌍둥이자리    ✅
  🔮 게자리      ✅
  🔮 사자자리     ✅
  🔮 처녀자리     ✅
  🔮 천칭자리     ✅
  🔮 전갈자리     ✅
  🔮 사수자리     ✅
  🔮 염소자리     ✅
  🔮 물병자리     ✅
  🔮 물고기자리    ✅
✅ 2025-09-09 완료: 12/12

[253/365] 
📅 2025-09-10
  🔮 양자리      ✅
  🔮 황소자리     ✅
  🔮 쌍둥이자리    ✅
  🔮 게자리      ✅
  🔮 사자자리     ✅
  🔮 처녀자리     ✅
  🔮 천칭자리     ✅
  🔮 전갈자리     ✅
  🔮 사수자리     ✅
  🔮 염소자리     ✅
  🔮 물병자리     ✅
  🔮 물고기자리    ✅
✅ 2025-09-10 완료: 12/12

[254/365] 
📅 2025-09-11
  🔮 양자리      ✅
  🔮 황소자리     ✅
  🔮 쌍둥이자리    ✅
  🔮 게자리      ✅
  🔮 사자자리     ✅
  🔮 처녀자리     ✅
  🔮 천칭자리     ✅
  🔮 전갈자리     ✅
  🔮 사수자리     ✅
  🔮 염소자리     ✅
  🔮 물병자리     ✅
  🔮 물고기자리    ✅
✅ 2025-09-11 완료: 12/12

[255/365] 
📅 2025-09-12
  🔮 양자리      ✅
  🔮 황소자리     ✅
  🔮 쌍둥이자리    ✅
  🔮 게자리      ✅
  🔮 사자자리     ✅
  🔮 처녀자리     ✅
  🔮 천칭자리     ✅
  🔮 전갈자리     ✅
  🔮 사수자리     ✅
  🔮 염소자리     ✅
  🔮 물병자리     ✅
  🔮 물고기자리    ✅
✅ 2025-09-12 완료: 12/12
💾 중간 저장 (255일치)

[256/365] 
📅 2025-09-13
  🔮 양자리      ✅
  🔮 황소자리     ✅
  🔮 쌍둥이자리    ✅
  🔮 게자리      ✅
  🔮 사자자리     ✅
  🔮 처녀자리     ✅
  🔮 천칭자리     ✅
  🔮 전갈자리     ✅
  🔮 사수자리     ✅
  🔮 염소자리     ✅
  🔮 물병자리     ✅
  🔮 물고기자리    ✅
✅ 2025-09-13 완료: 12/12

[257/365] 
📅 2025-09-14
  🔮 양자리      ✅
  🔮 황소자리     ✅
  🔮 쌍둥이자리    ✅
  🔮 게자리      ✅
  🔮 사자자리     ✅
  🔮 처녀자리     ✅
  🔮 천칭자리     ✅
  🔮 전갈자리     ✅
  🔮 사수자리     ✅
  🔮 염소자리     ✅
  🔮 물병자리     ✅
  🔮 물고기자리    ✅
✅ 2025-09-14 완료: 12/12

[258/365] 
📅 2025-09-15
  🔮 양자리      ✅
  🔮 황소자리     ✅
  🔮 쌍둥이자리    ✅
  🔮 게자리      ✅
  🔮 사자자리     ✅
  🔮 처녀자리     ✅
  🔮 천칭자리     ✅
  🔮 전갈자리     ✅
  🔮 사수자리     ✅
  🔮 염소자리     ✅
  🔮 물병자리     ✅
  🔮 물고기자리    ✅
✅ 2025-09-15 완료: 12/12

[259/365] 
📅 2025-09-16
  🔮 양자리      ✅
  🔮 황소자리     ✅
  🔮 쌍둥이자리    ✅
  🔮 게자리      ✅
  🔮 사자자리     ✅
  🔮 처녀자리     ✅
  🔮 천칭자리     ✅
  🔮 전갈자리     ✅
  🔮 사수자리     ✅
  🔮 염소자리     ✅
  🔮 물병자리     ✅
  🔮 물고기자리    ✅
✅ 2025-09-16 완료: 12/12

[260/365] 
📅 2025-09-17
  🔮 양자리      ✅
  🔮 황소자리     ✅
  🔮 쌍둥이자리    ✅
  🔮 게자리      ✅
  🔮 사자자리     ✅
  🔮 처녀자리     ✅
  🔮 천칭자리     ✅
  🔮 전갈자리     ✅
  🔮 사수자리     ✅
  🔮 염소자리     ✅
  🔮 물병자리     ✅
  🔮 물고기자리    ✅
✅ 2025-09-17 완료: 12/12
💾 중간 저장 (260일치)

[261/365] 
📅 2025-09-18
  🔮 양자리      ✅
  🔮 황소자리     ✅
  🔮 쌍둥이자리    ✅
  🔮 게자리      ✅
  🔮 사자자리     ✅
  🔮 처녀자리     ✅
  🔮 천칭자리     ✅
  🔮 전갈자리     ✅
  🔮 사수자리     ✅
  🔮 염소자리     ✅
  🔮 물병자리     ✅
  🔮 물고기자리    ✅
✅ 2025-09-18 완료: 12/12

[262/365] 
📅 2025-09-19
  🔮 양자리      ✅
  🔮 황소자리     ✅
  🔮 쌍둥이자리    ✅
  🔮 게자리      ✅
  🔮 사자자리     ✅
  🔮 처녀자리     ✅
  🔮 천칭자리     ✅
  🔮 전갈자리     ✅
  🔮 사수자리     ✅
  🔮 염소자리     ✅
  🔮 물병자리     ✅
  🔮 물고기자리    ✅
✅ 2025-09-19 완료: 12/12

[263/365] 
📅 2025-09-20
  🔮 양자리      ✅
  🔮 황소자리     ✅
  🔮 쌍둥이자리    ✅
  🔮 게자리      ✅
  🔮 사자자리     ✅
  🔮 처녀자리     ✅
  🔮 천칭자리     ✅
  🔮 전갈자리     ✅
  🔮 사수자리     ✅
  🔮 염소자리     ✅
  🔮 물병자리     ✅
  🔮 물고기자리    ✅
✅ 2025-09-20 완료: 12/12

[264/365] 
📅 2025-09-21
  🔮 양자리      ✅
  🔮 황소자리     ✅
  🔮 쌍둥이자리    ✅
  🔮 게자리      ✅
  🔮 사자자리     ✅
  🔮 처녀자리     ✅
  🔮 천칭자리     ✅
  🔮 전갈자리     ✅
  🔮 사수자리     ✅
  🔮 염소자리     ✅
  🔮 물병자리     ✅
  🔮 물고기자리    ✅
✅ 2025-09-21 완료: 12/12

[265/365] 
📅 2025-09-22
  🔮 양자리      ✅
  🔮 황소자리     ✅
  🔮 쌍둥이자리    ✅
  🔮 게자리      ✅
  🔮 사자자리     ✅
  🔮 처녀자리     ✅
  🔮 천칭자리     ✅
  🔮 전갈자리     ✅
  🔮 사수자리     ✅
  🔮 염소자리     ✅
  🔮 물병자리     ✅
  🔮 물고기자리    ✅
✅ 2025-09-22 완료: 12/12
💾 중간 저장 (265일치)

[266/365] 
📅 2025-09-23
  🔮 양자리      ✅
  🔮 황소자리     ✅
  🔮 쌍둥이자리    ✅
  🔮 게자리      ✅
  🔮 사자자리     ✅
  🔮 처녀자리     ✅
  🔮 천칭자리     ✅
  🔮 전갈자리     ✅
  🔮 사수자리     ✅
  🔮 염소자리     ✅
  🔮 물병자리     ✅
  🔮 물고기자리    ✅
✅ 2025-09-23 완료: 12/12

[267/365] 
📅 2025-09-24
  🔮 양자리      ✅
  🔮 황소자리     ✅
  🔮 쌍둥이자리    ✅
  🔮 게자리      ✅
  🔮 사자자리     ✅
  🔮 처녀자리     ✅
  🔮 천칭자리     ✅
  🔮 전갈자리     ✅
  🔮 사수자리     ✅
  🔮 염소자리     ✅
  🔮 물병자리     ✅
  🔮 물고기자리    ✅
✅ 2025-09-24 완료: 12/12

[268/365] 
📅 2025-09-25
  🔮 양자리      ✅
  🔮 황소자리     ✅
  🔮 쌍둥이자리    ✅
  🔮 게자리      ✅
  🔮 사자자리     ✅
  🔮 처녀자리     ✅
  🔮 천칭자리     ✅
  🔮 전갈자리     ✅
  🔮 사수자리     ✅
  🔮 염소자리     ✅
  🔮 물병자리     ✅
  🔮 물고기자리    ✅
✅ 2025-09-25 완료: 12/12

[269/365] 
📅 2025-09-26
  🔮 양자리      ✅
  🔮 황소자리     ✅
  🔮 쌍둥이자리    ✅
  🔮 게자리      ✅
  🔮 사자자리     ✅
  🔮 처녀자리     ✅
  🔮 천칭자리     ✅
  🔮 전갈자리     ✅
  🔮 사수자리     ✅
  🔮 염소자리     ✅
  🔮 물병자리     ✅
  🔮 물고기자리    ✅
✅ 2025-09-26 완료: 12/12

[270/365] 
📅 2025-09-27
  🔮 양자리      ✅
  🔮 황소자리     ✅
  🔮 쌍둥이자리    ✅
  🔮 게자리      ✅
  🔮 사자자리     ✅
  🔮 처녀자리     ✅
  🔮 천칭자리     ✅
  🔮 전갈자리     ✅
  🔮 사수자리     ✅
  🔮 염소자리     ✅
  🔮 물병자리     ✅
  🔮 물고기자리    ✅
✅ 2025-09-27 완료: 12/12
💾 중간 저장 (270일치)

[271/365] 
📅 2025-09-28
  🔮 양자리      ✅
  🔮 황소자리     ✅
  🔮 쌍둥이자리    ✅
  🔮 게자리      ✅
  🔮 사자자리     ✅
  🔮 처녀자리     ✅
  🔮 천칭자리     ✅
  🔮 전갈자리     ✅
  🔮 사수자리     ✅
  🔮 염소자리     ✅
  🔮 물병자리     ✅
  🔮 물고기자리    ✅
✅ 2025-09-28 완료: 12/12

[272/365] 
📅 2025-09-29
  🔮 양자리      ✅
  🔮 황소자리     ✅
  🔮 쌍둥이자리    ✅
  🔮 게자리      ✅
  🔮 사자자리     ✅
  🔮 처녀자리     ✅
  🔮 천칭자리     ✅
  🔮 전갈자리     ✅
  🔮 사수자리     ✅
  🔮 염소자리     ✅
  🔮 물병자리     ✅
  🔮 물고기자리    ✅
✅ 2025-09-29 완료: 12/12

[273/365] 
📅 2025-09-30
  🔮 양자리      ✅
  🔮 황소자리     ✅
  🔮 쌍둥이자리    ✅
  🔮 게자리      ✅
  🔮 사자자리     ✅
  🔮 처녀자리     ✅
  🔮 천칭자리     ✅
  🔮 전갈자리     ✅
  🔮 사수자리     ✅
  🔮 염소자리     ✅
  🔮 물병자리     ✅
  🔮 물고기자리    ✅
✅ 2025-09-30 완료: 12/12

[274/365] 
📅 2025-10-01
  🔮 양자리      ✅
  🔮 황소자리     ✅
  🔮 쌍둥이자리    ✅
  🔮 게자리      ✅
  🔮 사자자리     ✅
  🔮 처녀자리     ✅
  🔮 천칭자리     ✅
  🔮 전갈자리     ✅
  🔮 사수자리     ✅
  🔮 염소자리     ✅
  🔮 물병자리     ✅
  🔮 물고기자리    ✅
✅ 2025-10-01 완료: 12/12

[275/365] 
📅 2025-10-02
  🔮 양자리      ✅
  🔮 황소자리     ✅
  🔮 쌍둥이자리    ✅
  🔮 게자리      ✅
  🔮 사자자리     ✅
  🔮 처녀자리     ✅
  🔮 천칭자리     ✅
  🔮 전갈자리     ✅
  🔮 사수자리     ✅
  🔮 염소자리     ✅
  🔮 물병자리     ✅
  🔮 물고기자리    ✅
✅ 2025-10-02 완료: 12/12
💾 중간 저장 (275일치)

[276/365] 
📅 2025-10-03
  🔮 양자리      ✅
  🔮 황소자리     ✅
  🔮 쌍둥이자리    ✅
  🔮 게자리      ✅
  🔮 사자자리     ✅
  🔮 처녀자리     ✅
  🔮 천칭자리     ✅
  🔮 전갈자리     ✅
  🔮 사수자리     ✅
  🔮 염소자리     ✅
  🔮 물병자리     ✅
  🔮 물고기자리    ✅
✅ 2025-10-03 완료: 12/12

[277/365] 
📅 2025-10-04
  🔮 양자리      ✅
  🔮 황소자리     ✅
  🔮 쌍둥이자리    ✅
  🔮 게자리      ✅
  🔮 사자자리     ✅
  🔮 처녀자리     ✅
  🔮 천칭자리     ✅
  🔮 전갈자리     ✅
  🔮 사수자리     ✅
  🔮 염소자리     ✅
  🔮 물병자리     ✅
  🔮 물고기자리    ✅
✅ 2025-10-04 완료: 12/12

[278/365] 
📅 2025-10-05
  🔮 양자리      ✅
  🔮 황소자리     ✅
  🔮 쌍둥이자리    ✅
  🔮 게자리      ✅
  🔮 사자자리     ✅
  🔮 처녀자리     ✅
  🔮 천칭자리     ✅
  🔮 전갈자리     ✅
  🔮 사수자리     ✅
  🔮 염소자리     ✅
  🔮 물병자리     ✅
  🔮 물고기자리    ✅
✅ 2025-10-05 완료: 12/12

[279/365] 
📅 2025-10-06
  🔮 양자리      ✅
  🔮 황소자리     ✅
  🔮 쌍둥이자리    ✅
  🔮 게자리      ✅
  🔮 사자자리     ✅
  🔮 처녀자리     ✅
  🔮 천칭자리     ✅
  🔮 전갈자리     ✅
  🔮 사수자리     ✅
  🔮 염소자리     ✅
  🔮 물병자리     ✅
  🔮 물고기자리    ✅
✅ 2025-10-06 완료: 12/12

[280/365] 
📅 2025-10-07
  🔮 양자리      ✅
  🔮 황소자리     ✅
  🔮 쌍둥이자리    ✅
  🔮 게자리      ✅
  🔮 사자자리     ✅
  🔮 처녀자리     ✅
  🔮 천칭자리     ✅
  🔮 전갈자리     ✅
  🔮 사수자리     ✅
  🔮 염소자리     ✅
  🔮 물병자리     ✅
  🔮 물고기자리    ✅
✅ 2025-10-07 완료: 12/12
💾 중간 저장 (280일치)

[281/365] 
📅 2025-10-08
  🔮 양자리      ✅
  🔮 황소자리     ✅
  🔮 쌍둥이자리    ✅
  🔮 게자리      ✅
  🔮 사자자리     ✅
  🔮 처녀자리     ✅
  🔮 천칭자리     ✅
  🔮 전갈자리     ✅
  🔮 사수자리     ✅
  🔮 염소자리     ✅
  🔮 물병자리     ✅
  🔮 물고기자리    ✅
✅ 2025-10-08 완료: 12/12

[282/365] 
📅 2025-10-09
  🔮 양자리      ✅
  🔮 황소자리     ✅
  🔮 쌍둥이자리    ✅
  🔮 게자리      ✅
  🔮 사자자리     ✅
  🔮 처녀자리     ✅
  🔮 천칭자리     ✅
  🔮 전갈자리     ✅
  🔮 사수자리     ✅
  🔮 염소자리     ✅
  🔮 물병자리     ✅
  🔮 물고기자리    ✅
✅ 2025-10-09 완료: 12/12

[283/365] 
📅 2025-10-10
  🔮 양자리      ✅
  🔮 황소자리     ✅
  🔮 쌍둥이자리    ✅
  🔮 게자리      ✅
  🔮 사자자리     ✅
  🔮 처녀자리     ✅
  🔮 천칭자리     ✅
  🔮 전갈자리     ✅
  🔮 사수자리     ✅
  🔮 염소자리     ✅
  🔮 물병자리     ✅
  🔮 물고기자리    ✅
✅ 2025-10-10 완료: 12/12

[284/365] 
📅 2025-10-11
  🔮 양자리      ✅
  🔮 황소자리     ✅
  🔮 쌍둥이자리    ✅
  🔮 게자리      ✅
  🔮 사자자리     ✅
  🔮 처녀자리     ✅
  🔮 천칭자리     ✅
  🔮 전갈자리     ✅
  🔮 사수자리     ✅
  🔮 염소자리     ✅
  🔮 물병자리     ✅
  🔮 물고기자리    ✅
✅ 2025-10-11 완료: 12/12

[285/365] 
📅 2025-10-12
  🔮 양자리      ✅
  🔮 황소자리     ✅
  🔮 쌍둥이자리    ✅
  🔮 게자리      ✅
  🔮 사자자리     ✅
  🔮 처녀자리     ✅
  🔮 천칭자리     ✅
  🔮 전갈자리     ✅
  🔮 사수자리     ✅
  🔮 염소자리     ✅
  🔮 물병자리     ✅
  🔮 물고기자리    ✅
✅ 2025-10-12 완료: 12/12
💾 중간 저장 (285일치)

[286/365] 
📅 2025-10-13
  🔮 양자리      ✅
  🔮 황소자리     ✅
  🔮 쌍둥이자리    ✅
  🔮 게자리      ✅
  🔮 사자자리     ✅
  🔮 처녀자리     ✅
  🔮 천칭자리     ✅
  🔮 전갈자리     ✅
  🔮 사수자리     ✅
  🔮 염소자리     ✅
  🔮 물병자리     ✅
  🔮 물고기자리    ✅
✅ 2025-10-13 완료: 12/12

[287/365] 
📅 2025-10-14
  🔮 양자리      ✅
  🔮 황소자리     ✅
  🔮 쌍둥이자리    ✅
  🔮 게자리      ✅
  🔮 사자자리     ✅
  🔮 처녀자리     ✅
  🔮 천칭자리     ✅
  🔮 전갈자리     ✅
  🔮 사수자리     ✅
  🔮 염소자리     ✅
  🔮 물병자리     ✅
  🔮 물고기자리    ✅
✅ 2025-10-14 완료: 12/12

[288/365] 
📅 2025-10-15
  🔮 양자리      ✅
  🔮 황소자리     ✅
  🔮 쌍둥이자리    ✅
  🔮 게자리      ✅
  🔮 사자자리     ✅
  🔮 처녀자리     ✅
  🔮 천칭자리     ✅
  🔮 전갈자리     ✅
  🔮 사수자리     ✅
  🔮 염소자리     ✅
  🔮 물병자리     ✅
  🔮 물고기자리    ✅
✅ 2025-10-15 완료: 12/12

[289/365] 
📅 2025-10-16
  🔮 양자리      ✅
  🔮 황소자리     ✅
  🔮 쌍둥이자리    ✅
  🔮 게자리      ✅
  🔮 사자자리     ✅
  🔮 처녀자리     ✅
  🔮 천칭자리     ✅
  🔮 전갈자리     ✅
  🔮 사수자리     ✅
  🔮 염소자리     ✅
  🔮 물병자리     ✅
  🔮 물고기자리    ✅
✅ 2025-10-16 완료: 12/12

[290/365] 
📅 2025-10-17
  🔮 양자리      ✅
  🔮 황소자리     ✅
  🔮 쌍둥이자리    ✅
  🔮 게자리      ✅
  🔮 사자자리     ✅
  🔮 처녀자리     ✅
  🔮 천칭자리     ✅
  🔮 전갈자리     ✅
  🔮 사수자리     ✅
  🔮 염소자리     ✅
  🔮 물병자리     ✅
  🔮 물고기자리    ✅
✅ 2025-10-17 완료: 12/12
💾 중간 저장 (290일치)

[291/365] 
📅 2025-10-18
  🔮 양자리      ✅
  🔮 황소자리     ✅
  🔮 쌍둥이자리    ✅
  🔮 게자리      ✅
  🔮 사자자리     ✅
  🔮 처녀자리     ✅
  🔮 천칭자리     ✅
  🔮 전갈자리     ✅
  🔮 사수자리     ✅
  🔮 염소자리     ✅
  🔮 물병자리     ✅
  🔮 물고기자리    ✅
✅ 2025-10-18 완료: 12/12

[292/365] 
📅 2025-10-19
  🔮 양자리      ✅
  🔮 황소자리     ✅
  🔮 쌍둥이자리    ✅
  🔮 게자리      ✅
  🔮 사자자리     ✅
  🔮 처녀자리     ✅
  🔮 천칭자리     ✅
  🔮 전갈자리     ✅
  🔮 사수자리     ✅
  🔮 염소자리     ✅
  🔮 물병자리     ✅
  🔮 물고기자리    ✅
✅ 2025-10-19 완료: 12/12

[293/365] 
📅 2025-10-20
  🔮 양자리      ✅
  🔮 황소자리     ✅
  🔮 쌍둥이자리    ✅
  🔮 게자리      ✅
  🔮 사자자리     ✅
  🔮 처녀자리     ✅
  🔮 천칭자리     ✅
  🔮 전갈자리     ✅
  🔮 사수자리     ✅
  🔮 염소자리     ✅
  🔮 물병자리     ✅
  🔮 물고기자리    ✅
✅ 2025-10-20 완료: 12/12

[294/365] 
📅 2025-10-21
  🔮 양자리      ✅
  🔮 황소자리     ✅
  🔮 쌍둥이자리    ✅
  🔮 게자리      ✅
  🔮 사자자리     ✅
  🔮 처녀자리     ✅
  🔮 천칭자리     ✅
  🔮 전갈자리     ✅
  🔮 사수자리     ✅
  🔮 염소자리     ✅
  🔮 물병자리     ✅
  🔮 물고기자리    ✅
✅ 2025-10-21 완료: 12/12

[295/365] 
📅 2025-10-22
  🔮 양자리      ✅
  🔮 황소자리     ✅
  🔮 쌍둥이자리    ✅
  🔮 게자리      ✅
  🔮 사자자리     ✅
  🔮 처녀자리     ✅
  🔮 천칭자리     ✅
  🔮 전갈자리     ✅
  🔮 사수자리     ✅
  🔮 염소자리     ✅
  🔮 물병자리     ✅
  🔮 물고기자리    ✅
✅ 2025-10-22 완료: 12/12
💾 중간 저장 (295일치)

[296/365] 
📅 2025-10-23
  🔮 양자리      ✅
  🔮 황소자리     ✅
  🔮 쌍둥이자리    ✅
  🔮 게자리      ✅
  🔮 사자자리     ✅
  🔮 처녀자리     ✅
  🔮 천칭자리     ✅
  🔮 전갈자리     ✅
  🔮 사수자리     ✅
  🔮 염소자리     ✅
  🔮 물병자리     ✅
  🔮 물고기자리    ✅
✅ 2025-10-23 완료: 12/12

[297/365] 
📅 2025-10-24
  🔮 양자리      ✅
  🔮 황소자리     ✅
  🔮 쌍둥이자리    ✅
  🔮 게자리      ✅
  🔮 사자자리     ✅
  🔮 처녀자리     ✅
  🔮 천칭자리     ✅
  🔮 전갈자리     ✅
  🔮 사수자리     ✅
  🔮 염소자리     ✅
  🔮 물병자리     ✅
  🔮 물고기자리    ✅
✅ 2025-10-24 완료: 12/12

[298/365] 
📅 2025-10-25
  🔮 양자리      ✅
  🔮 황소자리     ✅
  🔮 쌍둥이자리    ✅
  🔮 게자리      ✅
  🔮 사자자리     ✅
  🔮 처녀자리     ✅
  🔮 천칭자리     ✅
  🔮 전갈자리     ✅
  🔮 사수자리     ✅
  🔮 염소자리     ✅
  🔮 물병자리     ✅
  🔮 물고기자리    ✅
✅ 2025-10-25 완료: 12/12

[299/365] 
📅 2025-10-26
  🔮 양자리      ✅
  🔮 황소자리     ✅
  🔮 쌍둥이자리    ✅
  🔮 게자리      ✅
  🔮 사자자리     ✅
  🔮 처녀자리     ✅
  🔮 천칭자리     ✅
  🔮 전갈자리     ✅
  🔮 사수자리     ✅
  🔮 염소자리     ✅
  🔮 물병자리     ✅
  🔮 물고기자리    ✅
✅ 2025-10-26 완료: 12/12

[300/365] 
📅 2025-10-27
  🔮 양자리      ✅
  🔮 황소자리     ✅
  🔮 쌍둥이자리    ✅
  🔮 게자리      ✅
  🔮 사자자리     ✅
  🔮 처녀자리     ✅
  🔮 천칭자리     ✅
  🔮 전갈자리     ✅
  🔮 사수자리     ✅
  🔮 염소자리     ✅
  🔮 물병자리     ✅
  🔮 물고기자리    ✅
✅ 2025-10-27 완료: 12/12
💾 중간 저장 (300일치)

[301/365] 
📅 2025-10-28
  🔮 양자리      ✅
  🔮 황소자리     ✅
  🔮 쌍둥이자리    ✅
  🔮 게자리      ✅
  🔮 사자자리     ✅
  🔮 처녀자리     ✅
  🔮 천칭자리     ✅
  🔮 전갈자리     ✅
  🔮 사수자리     ✅
  🔮 염소자리     ✅
  🔮 물병자리     ✅
  🔮 물고기자리    ✅
✅ 2025-10-28 완료: 12/12

[302/365] 
📅 2025-10-29
  🔮 양자리      ✅
  🔮 황소자리     ✅
  🔮 쌍둥이자리    ✅
  🔮 게자리      ✅
  🔮 사자자리     ✅
  🔮 처녀자리     ✅
  🔮 천칭자리     ✅
  🔮 전갈자리     ✅
  🔮 사수자리     ✅
  🔮 염소자리     ✅
  🔮 물병자리     ✅
  🔮 물고기자리    ✅
✅ 2025-10-29 완료: 12/12

[303/365] 
📅 2025-10-30
  🔮 양자리      ✅
  🔮 황소자리     ✅
  🔮 쌍둥이자리    ✅
  🔮 게자리      ✅
  🔮 사자자리     ✅
  🔮 처녀자리     ✅
  🔮 천칭자리     ✅
  🔮 전갈자리     ✅
  🔮 사수자리     ✅
  🔮 염소자리     ✅
  🔮 물병자리     ✅
  🔮 물고기자리    ✅
✅ 2025-10-30 완료: 12/12

[304/365] 
📅 2025-10-31
  🔮 양자리      ✅
  🔮 황소자리     ✅
  🔮 쌍둥이자리    ✅
  🔮 게자리      ✅
  🔮 사자자리     ✅
  🔮 처녀자리     ✅
  🔮 천칭자리     ✅
  🔮 전갈자리     ✅
  🔮 사수자리     ✅
  🔮 염소자리     ✅
  🔮 물병자리     ✅
  🔮 물고기자리    ✅
✅ 2025-10-31 완료: 12/12

[305/365] 
📅 2025-11-01
  🔮 양자리      ✅
  🔮 황소자리     ✅
  🔮 쌍둥이자리    ✅
  🔮 게자리      ✅
  🔮 사자자리     ✅
  🔮 처녀자리     ✅
  🔮 천칭자리     ✅
  🔮 전갈자리     ✅
  🔮 사수자리     ✅
  🔮 염소자리     ✅
  🔮 물병자리     ✅
  🔮 물고기자리    ✅
✅ 2025-11-01 완료: 12/12
💾 중간 저장 (305일치)

[306/365] 
📅 2025-11-02
  🔮 양자리      ✅
  🔮 황소자리     ✅
  🔮 쌍둥이자리    ✅
  🔮 게자리      ✅
  🔮 사자자리     ✅
  🔮 처녀자리     ✅
  🔮 천칭자리     ✅
  🔮 전갈자리     ✅
  🔮 사수자리     ✅
  🔮 염소자리     ✅
  🔮 물병자리     ✅
  🔮 물고기자리    ✅
✅ 2025-11-02 완료: 12/12

[307/365] 
📅 2025-11-03
  🔮 양자리      ✅
  🔮 황소자리     ✅
  🔮 쌍둥이자리    ✅
  🔮 게자리      ✅
  🔮 사자자리     ✅
  🔮 처녀자리     ✅
  🔮 천칭자리     ✅
  🔮 전갈자리     ✅
  🔮 사수자리     ✅
  🔮 염소자리     ✅
  🔮 물병자리     ✅
  🔮 물고기자리    ✅
✅ 2025-11-03 완료: 12/12

[308/365] 
📅 2025-11-04
  🔮 양자리      ✅
  🔮 황소자리     ✅
  🔮 쌍둥이자리    ✅
  🔮 게자리      ✅
  🔮 사자자리     ✅
  🔮 처녀자리     ✅
  🔮 천칭자리     ✅
  🔮 전갈자리     ✅
  🔮 사수자리     ✅
  🔮 염소자리     ✅
  🔮 물병자리     ✅
  🔮 물고기자리    ✅
✅ 2025-11-04 완료: 12/12

[309/365] 
📅 2025-11-05
  🔮 양자리      ✅
  🔮 황소자리     ✅
  🔮 쌍둥이자리    ✅
  🔮 게자리      ✅
  🔮 사자자리     ✅
  🔮 처녀자리     ✅
  🔮 천칭자리     ✅
  🔮 전갈자리     ✅
  🔮 사수자리     ✅
  🔮 염소자리     ✅
  🔮 물병자리     ✅
  🔮 물고기자리    ✅
✅ 2025-11-05 완료: 12/12

[310/365] 
📅 2025-11-06
  🔮 양자리      ✅
  🔮 황소자리     ✅
  🔮 쌍둥이자리    ✅
  🔮 게자리      ✅
  🔮 사자자리     ✅
  🔮 처녀자리     ✅
  🔮 천칭자리     ✅
  🔮 전갈자리     ✅
  🔮 사수자리     ✅
  🔮 염소자리     ✅
  🔮 물병자리     ✅
  🔮 물고기자리    ✅
✅ 2025-11-06 완료: 12/12
💾 중간 저장 (310일치)

[311/365] 
📅 2025-11-07
  🔮 양자리      ✅
  🔮 황소자리     ✅
  🔮 쌍둥이자리    ✅
  🔮 게자리      ✅
  🔮 사자자리     ✅
  🔮 처녀자리     ✅
  🔮 천칭자리     ✅
  🔮 전갈자리     ✅
  🔮 사수자리     ✅
  🔮 염소자리     ✅
  🔮 물병자리     ✅
  🔮 물고기자리    ✅
✅ 2025-11-07 완료: 12/12

[312/365] 
📅 2025-11-08
  🔮 양자리      ✅
  🔮 황소자리     ✅
  🔮 쌍둥이자리    ✅
  🔮 게자리      ✅
  🔮 사자자리     ✅
  🔮 처녀자리     ✅
  🔮 천칭자리     ✅
  🔮 전갈자리     ✅
  🔮 사수자리     ✅
  🔮 염소자리     ✅
  🔮 물병자리     ✅
  🔮 물고기자리    ✅
✅ 2025-11-08 완료: 12/12

[313/365] 
📅 2025-11-09
  🔮 양자리      ✅
  🔮 황소자리     ✅
  🔮 쌍둥이자리    ✅
  🔮 게자리      ✅
  🔮 사자자리     ✅
  🔮 처녀자리     ✅
  🔮 천칭자리     ✅
  🔮 전갈자리     ✅
  🔮 사수자리     ✅
  🔮 염소자리     ✅
  🔮 물병자리     ✅
  🔮 물고기자리    ✅
✅ 2025-11-09 완료: 12/12

[314/365] 
📅 2025-11-10
  🔮 양자리      ✅
  🔮 황소자리     ✅
  🔮 쌍둥이자리    ✅
  🔮 게자리      ✅
  🔮 사자자리     ✅
  🔮 처녀자리     ✅
  🔮 천칭자리     ✅
  🔮 전갈자리     ✅
  🔮 사수자리     ✅
  🔮 염소자리     ✅
  🔮 물병자리     ✅
  🔮 물고기자리    ✅
✅ 2025-11-10 완료: 12/12

[315/365] 
📅 2025-11-11
  🔮 양자리      ✅
  🔮 황소자리     ✅
  🔮 쌍둥이자리    ✅
  🔮 게자리      ✅
  🔮 사자자리     ✅
  🔮 처녀자리     ✅
  🔮 천칭자리     ✅
  🔮 전갈자리     ✅
  🔮 사수자리     ✅
  🔮 염소자리     ✅
  🔮 물병자리     ✅
  🔮 물고기자리    ✅
✅ 2025-11-11 완료: 12/12
💾 중간 저장 (315일치)

[316/365] 
📅 2025-11-12
  🔮 양자리      ✅
  🔮 황소자리     ✅
  🔮 쌍둥이자리    ✅
  🔮 게자리      ✅
  🔮 사자자리     ✅
  🔮 처녀자리     ✅
  🔮 천칭자리     ✅
  🔮 전갈자리     ✅
  🔮 사수자리     ✅
  🔮 염소자리     ✅
  🔮 물병자리     ✅
  🔮 물고기자리    ✅
✅ 2025-11-12 완료: 12/12

[317/365] 
📅 2025-11-13
  🔮 양자리      ✅
  🔮 황소자리     ✅
  🔮 쌍둥이자리    ✅
  🔮 게자리      ✅
  🔮 사자자리     ✅
  🔮 처녀자리     ✅
  🔮 천칭자리     ✅
  🔮 전갈자리     ✅
  🔮 사수자리     ✅
  🔮 염소자리     ✅
  🔮 물병자리     ✅
  🔮 물고기자리    ✅
✅ 2025-11-13 완료: 12/12

[318/365] 
📅 2025-11-14
  🔮 양자리      ✅
  🔮 황소자리     ✅
  🔮 쌍둥이자리    ✅
  🔮 게자리      ✅
  🔮 사자자리     ✅
  🔮 처녀자리     ✅
  🔮 천칭자리     ✅
  🔮 전갈자리     ✅
  🔮 사수자리     ✅
  🔮 염소자리     ✅
  🔮 물병자리     ✅
  🔮 물고기자리    ✅
✅ 2025-11-14 완료: 12/12

[319/365] 
📅 2025-11-15
  🔮 양자리      ✅
  🔮 황소자리     ✅
  🔮 쌍둥이자리    ✅
  🔮 게자리      ✅
  🔮 사자자리     ✅
  🔮 처녀자리     ✅
  🔮 천칭자리     ✅
  🔮 전갈자리     ✅
  🔮 사수자리     ✅
  🔮 염소자리     ✅
  🔮 물병자리     ✅
  🔮 물고기자리    ✅
✅ 2025-11-15 완료: 12/12

[320/365] 
📅 2025-11-16
  🔮 양자리      ✅
  🔮 황소자리     ✅
  🔮 쌍둥이자리    ✅
  🔮 게자리      ✅
  🔮 사자자리     ✅
  🔮 처녀자리     ✅
  🔮 천칭자리     ✅
  🔮 전갈자리     ✅
  🔮 사수자리     ✅
  🔮 염소자리     ✅
  🔮 물병자리     ✅
  🔮 물고기자리    ✅
✅ 2025-11-16 완료: 12/12
💾 중간 저장 (320일치)

[321/365] 
📅 2025-11-17
  🔮 양자리      ✅
  🔮 황소자리     ✅
  🔮 쌍둥이자리    ✅
  🔮 게자리      ✅
  🔮 사자자리     ✅
  🔮 처녀자리     ✅
  🔮 천칭자리     ✅
  🔮 전갈자리     ✅
  🔮 사수자리     ✅
  🔮 염소자리     ✅
  🔮 물병자리     ✅
  🔮 물고기자리    ✅
✅ 2025-11-17 완료: 12/12

[322/365] 
📅 2025-11-18
  🔮 양자리      ✅
  🔮 황소자리     ✅
  🔮 쌍둥이자리    ✅
  🔮 게자리      ✅
  🔮 사자자리     ✅
  🔮 처녀자리     ✅
  🔮 천칭자리     ✅
  🔮 전갈자리     ✅
  🔮 사수자리     ✅
  🔮 염소자리     ✅
  🔮 물병자리     ✅
  🔮 물고기자리    ✅
✅ 2025-11-18 완료: 12/12

[323/365] 
📅 2025-11-19
  🔮 양자리      ✅
  🔮 황소자리     ✅
  🔮 쌍둥이자리    ✅
  🔮 게자리      ✅
  🔮 사자자리     ✅
  🔮 처녀자리     ✅
  🔮 천칭자리     ✅
  🔮 전갈자리     ✅
  🔮 사수자리     ✅
  🔮 염소자리     ✅
  🔮 물병자리     ✅
  🔮 물고기자리    ✅
✅ 2025-11-19 완료: 12/12

[324/365] 
📅 2025-11-20
  🔮 양자리      ✅
  🔮 황소자리     ✅
  🔮 쌍둥이자리    ✅
  🔮 게자리      ✅
  🔮 사자자리     ✅
  🔮 처녀자리     ✅
  🔮 천칭자리     ✅
  🔮 전갈자리     ✅
  🔮 사수자리     ✅
  🔮 염소자리     ✅
  🔮 물병자리     ✅
  🔮 물고기자리    ✅
✅ 2025-11-20 완료: 12/12

[325/365] 
📅 2025-11-21
  🔮 양자리      ✅
  🔮 황소자리     ✅
  🔮 쌍둥이자리    ✅
  🔮 게자리      ✅
  🔮 사자자리     ✅
  🔮 처녀자리     ✅
  🔮 천칭자리     ✅
  🔮 전갈자리     ✅
  🔮 사수자리     ✅
  🔮 염소자리     ✅
  🔮 물병자리     ✅
  🔮 물고기자리    ✅
✅ 2025-11-21 완료: 12/12
💾 중간 저장 (325일치)

[326/365] 
📅 2025-11-22
  🔮 양자리      ✅
  🔮 황소자리     ✅
  🔮 쌍둥이자리    ✅
  🔮 게자리      ✅
  🔮 사자자리     ✅
  🔮 처녀자리     ✅
  🔮 천칭자리     ✅
  🔮 전갈자리     ✅
  🔮 사수자리     ✅
  🔮 염소자리     ✅
  🔮 물병자리     ✅
  🔮 물고기자리    ✅
✅ 2025-11-22 완료: 12/12

[327/365] 
📅 2025-11-23
  🔮 양자리      ✅
  🔮 황소자리     ✅
  🔮 쌍둥이자리    ✅
  🔮 게자리      ✅
  🔮 사자자리     ✅
  🔮 처녀자리     ✅
  🔮 천칭자리     ✅
  🔮 전갈자리     ✅
  🔮 사수자리     ✅
  🔮 염소자리     ✅
  🔮 물병자리     ✅
  🔮 물고기자리    ✅
✅ 2025-11-23 완료: 12/12

[328/365] 
📅 2025-11-24
  🔮 양자리      ✅
  🔮 황소자리     ✅
  🔮 쌍둥이자리    ✅
  🔮 게자리      ✅
  🔮 사자자리     ✅
  🔮 처녀자리     ✅
  🔮 천칭자리     ✅
  🔮 전갈자리     ✅
  🔮 사수자리     ✅
  🔮 염소자리     ✅
  🔮 물병자리     ✅
  🔮 물고기자리    ✅
✅ 2025-11-24 완료: 12/12

[329/365] 
📅 2025-11-25
  🔮 양자리      ✅
  🔮 황소자리     ✅
  🔮 쌍둥이자리    ✅
  🔮 게자리      ✅
  🔮 사자자리     ✅
  🔮 처녀자리     ✅
  🔮 천칭자리     ✅
  🔮 전갈자리     ✅
  🔮 사수자리     ✅
  🔮 염소자리     ✅
  🔮 물병자리     ✅
  🔮 물고기자리    ✅
✅ 2025-11-25 완료: 12/12

[330/365] 
📅 2025-11-26
  🔮 양자리      ✅
  🔮 황소자리     ✅
  🔮 쌍둥이자리    ✅
  🔮 게자리      ✅
  🔮 사자자리     ✅
  🔮 처녀자리     ✅
  🔮 천칭자리     ✅
  🔮 전갈자리     ✅
  🔮 사수자리     ✅
  🔮 염소자리     ✅
  🔮 물병자리     ✅
  🔮 물고기자리    ✅
✅ 2025-11-26 완료: 12/12
💾 중간 저장 (330일치)

[331/365] 
📅 2025-11-27
  🔮 양자리      ✅
  🔮 황소자리     ✅
  🔮 쌍둥이자리    ✅
  🔮 게자리      ✅
  🔮 사자자리     ✅
  🔮 처녀자리     ✅
  🔮 천칭자리     ✅
  🔮 전갈자리     ✅
  🔮 사수자리     ✅
  🔮 염소자리     ✅
  🔮 물병자리     ✅
  🔮 물고기자리    ✅
✅ 2025-11-27 완료: 12/12

[332/365] 
📅 2025-11-28
  🔮 양자리      ✅
  🔮 황소자리     ✅
  🔮 쌍둥이자리    ✅
  🔮 게자리      ✅
  🔮 사자자리     ✅
  🔮 처녀자리     ✅
  🔮 천칭자리     ✅
  🔮 전갈자리     ✅
  🔮 사수자리     ✅
  🔮 염소자리     ✅
  🔮 물병자리     ✅
  🔮 물고기자리    ✅
✅ 2025-11-28 완료: 12/12

[333/365] 
📅 2025-11-29
  🔮 양자리      ✅
  🔮 황소자리     ✅
  🔮 쌍둥이자리    ✅
  🔮 게자리      ✅
  🔮 사자자리     ✅
  🔮 처녀자리     ✅
  🔮 천칭자리     ✅
  🔮 전갈자리     ✅
  🔮 사수자리     ✅
  🔮 염소자리     ✅
  🔮 물병자리     ✅
  🔮 물고기자리    ✅
✅ 2025-11-29 완료: 12/12

[334/365] 
📅 2025-11-30
  🔮 양자리      ✅
  🔮 황소자리     ✅
  🔮 쌍둥이자리    ✅
  🔮 게자리      ✅
  🔮 사자자리     ✅
  🔮 처녀자리     ✅
  🔮 천칭자리     ✅
  🔮 전갈자리     ✅
  🔮 사수자리     ✅
  🔮 염소자리     ✅
  🔮 물병자리     ✅
  🔮 물고기자리    ✅
✅ 2025-11-30 완료: 12/12

[335/365] 
📅 2025-12-01
  🔮 양자리      ✅
  🔮 황소자리     ✅
  🔮 쌍둥이자리    ✅
  🔮 게자리      ✅
  🔮 사자자리     ✅
  🔮 처녀자리     ✅
  🔮 천칭자리     ✅
  🔮 전갈자리     ✅
  🔮 사수자리     ✅
  🔮 염소자리     ✅
  🔮 물병자리     ✅
  🔮 물고기자리    ✅
✅ 2025-12-01 완료: 12/12
💾 중간 저장 (335일치)

[336/365] 
📅 2025-12-02
  🔮 양자리      ✅
  🔮 황소자리     ✅
  🔮 쌍둥이자리    ✅
  🔮 게자리      ✅
  🔮 사자자리     ✅
  🔮 처녀자리     ✅
  🔮 천칭자리     ✅
  🔮 전갈자리     ✅
  🔮 사수자리     ✅
  🔮 염소자리     ✅
  🔮 물병자리     ✅
  🔮 물고기자리    ✅
✅ 2025-12-02 완료: 12/12

[337/365] 
📅 2025-12-03
  🔮 양자리      ✅
  🔮 황소자리     ✅
  🔮 쌍둥이자리    ✅
  🔮 게자리      ✅
  🔮 사자자리     ✅
  🔮 처녀자리     ✅
  🔮 천칭자리     ✅
  🔮 전갈자리     ✅
  🔮 사수자리     ✅
  🔮 염소자리     ✅
  🔮 물병자리     ✅
  🔮 물고기자리    ✅
✅ 2025-12-03 완료: 12/12

[338/365] 
📅 2025-12-04
  🔮 양자리      ✅
  🔮 황소자리     ✅
  🔮 쌍둥이자리    ✅
  🔮 게자리      ✅
  🔮 사자자리     ✅
  🔮 처녀자리     ✅
  🔮 천칭자리     ✅
  🔮 전갈자리     ✅
  🔮 사수자리     ✅
  🔮 염소자리     ✅
  🔮 물병자리     ✅
  🔮 물고기자리    ✅
✅ 2025-12-04 완료: 12/12

[339/365] 
📅 2025-12-05
  🔮 양자리      ✅
  🔮 황소자리     ✅
  🔮 쌍둥이자리    ✅
  🔮 게자리      ✅
  🔮 사자자리     ✅
  🔮 처녀자리     ✅
  🔮 천칭자리     ✅
  🔮 전갈자리     ✅
  🔮 사수자리     ✅
  🔮 염소자리     ✅
  🔮 물병자리     ✅
  🔮 물고기자리    ✅
✅ 2025-12-05 완료: 12/12

[340/365] 
📅 2025-12-06
  🔮 양자리      ✅
  🔮 황소자리     ✅
  🔮 쌍둥이자리    ✅
  🔮 게자리      ✅
  🔮 사자자리     ✅
  🔮 처녀자리     ✅
  🔮 천칭자리     ✅
  🔮 전갈자리     ✅
  🔮 사수자리     ✅
  🔮 염소자리     ✅
  🔮 물병자리     ✅
  🔮 물고기자리    ✅
✅ 2025-12-06 완료: 12/12
💾 중간 저장 (340일치)

[341/365] 
📅 2025-12-07
  🔮 양자리      ✅
  🔮 황소자리     ✅
  🔮 쌍둥이자리    ✅
  🔮 게자리      ✅
  🔮 사자자리     ✅
  🔮 처녀자리     ✅
  🔮 천칭자리     ✅
  🔮 전갈자리     ✅
  🔮 사수자리     ✅
  🔮 염소자리     ✅
  🔮 물병자리     ✅
  🔮 물고기자리    ✅
✅ 2025-12-07 완료: 12/12

[342/365] 
📅 2025-12-08
  🔮 양자리      ✅
  🔮 황소자리     ✅
  🔮 쌍둥이자리    ✅
  🔮 게자리      ✅
  🔮 사자자리     ✅
  🔮 처녀자리     ✅
  🔮 천칭자리     ✅
  🔮 전갈자리     ✅
  🔮 사수자리     ✅
  🔮 염소자리     ✅
  🔮 물병자리     ✅
  🔮 물고기자리    ✅
✅ 2025-12-08 완료: 12/12

[343/365] 
📅 2025-12-09
  🔮 양자리      ✅
  🔮 황소자리     ✅
  🔮 쌍둥이자리    ✅
  🔮 게자리      ✅
  🔮 사자자리     ✅
  🔮 처녀자리     ✅
  🔮 천칭자리     ✅
  🔮 전갈자리     ✅
  🔮 사수자리     ✅
  🔮 염소자리     ✅
  🔮 물병자리     ✅
  🔮 물고기자리    ✅
✅ 2025-12-09 완료: 12/12

[344/365] 
📅 2025-12-10
  🔮 양자리      ✅
  🔮 황소자리     ✅
  🔮 쌍둥이자리    ✅
  🔮 게자리      ✅
  🔮 사자자리     ✅
  🔮 처녀자리     ✅
  🔮 천칭자리     ✅
  🔮 전갈자리     ✅
  🔮 사수자리     ✅
  🔮 염소자리     ✅
  🔮 물병자리     ✅
  🔮 물고기자리    ✅
✅ 2025-12-10 완료: 12/12

[345/365] 
📅 2025-12-11
  🔮 양자리      ✅
  🔮 황소자리     ✅
  🔮 쌍둥이자리    ✅
  🔮 게자리      ✅
  🔮 사자자리     ✅
  🔮 처녀자리     ✅
  🔮 천칭자리     ✅
  🔮 전갈자리     ✅
  🔮 사수자리     ✅
  🔮 염소자리     ✅
  🔮 물병자리     ✅
  🔮 물고기자리    ✅
✅ 2025-12-11 완료: 12/12
💾 중간 저장 (345일치)

[346/365] 
📅 2025-12-12
  🔮 양자리      ✅
  🔮 황소자리     ✅
  🔮 쌍둥이자리    ✅
  🔮 게자리      ✅
  🔮 사자자리     ✅
  🔮 처녀자리     ✅
  🔮 천칭자리     ✅
  🔮 전갈자리     ✅
  🔮 사수자리     ✅
  🔮 염소자리     ✅
  🔮 물병자리     ✅
  🔮 물고기자리    ✅
✅ 2025-12-12 완료: 12/12

[347/365] 
📅 2025-12-13
  🔮 양자리      ✅
  🔮 황소자리     ✅
  🔮 쌍둥이자리    ✅
  🔮 게자리      ✅
  🔮 사자자리     ✅
  🔮 처녀자리     ✅
  🔮 천칭자리     ✅
  🔮 전갈자리     ✅
  🔮 사수자리     ✅
  🔮 염소자리     ✅
  🔮 물병자리     ✅
  🔮 물고기자리    ✅
✅ 2025-12-13 완료: 12/12

[348/365] 
📅 2025-12-14
  🔮 양자리      ✅
  🔮 황소자리     ✅
  🔮 쌍둥이자리    ✅
  🔮 게자리      ✅
  🔮 사자자리     ✅
  🔮 처녀자리     ✅
  🔮 천칭자리     ✅
  🔮 전갈자리     ✅
  🔮 사수자리     ✅
  🔮 염소자리     ✅
  🔮 물병자리     ✅
  🔮 물고기자리    ✅
✅ 2025-12-14 완료: 12/12

[349/365] 
📅 2025-12-15
  🔮 양자리      ✅
  🔮 황소자리     ✅
  🔮 쌍둥이자리    ✅
  🔮 게자리      ✅
  🔮 사자자리     ✅
  🔮 처녀자리     ✅
  🔮 천칭자리     ✅
  🔮 전갈자리     ✅
  🔮 사수자리     ✅
  🔮 염소자리     ✅
  🔮 물병자리     ✅
  🔮 물고기자리    ✅
✅ 2025-12-15 완료: 12/12

[350/365] 
📅 2025-12-16
  🔮 양자리      ✅
  🔮 황소자리     ✅
  🔮 쌍둥이자리    ✅
  🔮 게자리      ✅
  🔮 사자자리     ✅
  🔮 처녀자리     ✅
  🔮 천칭자리     ✅
  🔮 전갈자리     ✅
  🔮 사수자리     ✅
  🔮 염소자리     ✅
  🔮 물병자리     ✅
  🔮 물고기자리    ✅
✅ 2025-12-16 완료: 12/12
💾 중간 저장 (350일치)

[351/365] 
📅 2025-12-17
  🔮 양자리      ✅
  🔮 황소자리     ✅
  🔮 쌍둥이자리    ✅
  🔮 게자리      ✅
  🔮 사자자리     ✅
  🔮 처녀자리     ✅
  🔮 천칭자리     ✅
  🔮 전갈자리     ✅
  🔮 사수자리     ✅
  🔮 염소자리     ✅
  🔮 물병자리     ✅
  🔮 물고기자리    ✅
✅ 2025-12-17 완료: 12/12

[352/365] 
📅 2025-12-18
  🔮 양자리      ✅
  🔮 황소자리     ✅
  🔮 쌍둥이자리    ✅
  🔮 게자리      ✅
  🔮 사자자리     ✅
  🔮 처녀자리     ✅
  🔮 천칭자리     ✅
  🔮 전갈자리     ✅
  🔮 사수자리     ✅
  🔮 염소자리     ✅
  🔮 물병자리     ✅
  🔮 물고기자리    ✅
✅ 2025-12-18 완료: 12/12

[353/365] 
📅 2025-12-19
  🔮 양자리      ✅
  🔮 황소자리     ✅
  🔮 쌍둥이자리    ✅
  🔮 게자리      ✅
  🔮 사자자리     ✅
  🔮 처녀자리     ✅
  🔮 천칭자리     ✅
  🔮 전갈자리     ✅
  🔮 사수자리     ✅
  🔮 염소자리     ✅
  🔮 물병자리     ✅
  🔮 물고기자리    ✅
✅ 2025-12-19 완료: 12/12

[354/365] 
📅 2025-12-20
  🔮 양자리      ✅
  🔮 황소자리     ✅
  🔮 쌍둥이자리    ✅
  🔮 게자리      ✅
  🔮 사자자리     ✅
  🔮 처녀자리     ✅
  🔮 천칭자리     ✅
  🔮 전갈자리     ✅
  🔮 사수자리     ✅
  🔮 염소자리     ✅
  🔮 물병자리     ✅
  🔮 물고기자리    ✅
✅ 2025-12-20 완료: 12/12

[355/365] 
📅 2025-12-21
  🔮 양자리      ✅
  🔮 황소자리     ✅
  🔮 쌍둥이자리    ✅
  🔮 게자리      ✅
  🔮 사자자리     ✅
  🔮 처녀자리     ✅
  🔮 천칭자리     ✅
  🔮 전갈자리     ✅
  🔮 사수자리     ✅
  🔮 염소자리     ✅
  🔮 물병자리     ✅
  🔮 물고기자리    ✅
✅ 2025-12-21 완료: 12/12
💾 중간 저장 (355일치)

[356/365] 
📅 2025-12-22
  🔮 양자리      ✅
  🔮 황소자리     ✅
  🔮 쌍둥이자리    ✅
  🔮 게자리      ✅
  🔮 사자자리     ✅
  🔮 처녀자리     ✅
  🔮 천칭자리     ✅
  🔮 전갈자리     ✅
  🔮 사수자리     ✅
  🔮 염소자리     ✅
  🔮 물병자리     ✅
  🔮 물고기자리    ✅
✅ 2025-12-22 완료: 12/12

[357/365] 
📅 2025-12-23
  🔮 양자리      ✅
  🔮 황소자리     ✅
  🔮 쌍둥이자리    ✅
  🔮 게자리      ✅
  🔮 사자자리     ✅
  🔮 처녀자리     ✅
  🔮 천칭자리     ✅
  🔮 전갈자리     ✅
  🔮 사수자리     ✅
  🔮 염소자리     ✅
  🔮 물병자리     ✅
  🔮 물고기자리    ✅
✅ 2025-12-23 완료: 12/12

[358/365] 
📅 2025-12-24
  🔮 양자리      ✅
  🔮 황소자리     ✅
  🔮 쌍둥이자리    ✅
  🔮 게자리      ✅
  🔮 사자자리     ✅
  🔮 처녀자리     ✅
  🔮 천칭자리     ✅
  🔮 전갈자리     ✅
  🔮 사수자리     ✅
  🔮 염소자리     ✅
  🔮 물병자리     ✅
  🔮 물고기자리    ✅
✅ 2025-12-24 완료: 12/12

[359/365] 
📅 2025-12-25
  🔮 양자리      ✅
  🔮 황소자리     ✅
  🔮 쌍둥이자리    ✅
  🔮 게자리      ✅
  🔮 사자자리     ✅
  🔮 처녀자리     ✅
  🔮 천칭자리     ✅
  🔮 전갈자리     ✅
  🔮 사수자리     ✅
  🔮 염소자리     ✅
  🔮 물병자리     ✅
  🔮 물고기자리    ✅
✅ 2025-12-25 완료: 12/12

[360/365] 
📅 2025-12-26
  🔮 양자리      ✅
  🔮 황소자리     ✅
  🔮 쌍둥이자리    ✅
  🔮 게자리      ✅
  🔮 사자자리     ✅
  🔮 처녀자리     ✅
  🔮 천칭자리     ✅
  🔮 전갈자리     ✅
  🔮 사수자리     ✅
  🔮 염소자리     ✅
  🔮 물병자리     ✅
  🔮 물고기자리    ✅
✅ 2025-12-26 완료: 12/12
💾 중간 저장 (360일치)

[361/365] 
📅 2025-12-27
  🔮 양자리      ✅
  🔮 황소자리     ✅
  🔮 쌍둥이자리    ✅
  🔮 게자리      ✅
  🔮 사자자리     ✅
  🔮 처녀자리     ✅
  🔮 천칭자리     ✅
  🔮 전갈자리     ✅
  🔮 사수자리     ✅
  🔮 염소자리     ✅
  🔮 물병자리     ✅
  🔮 물고기자리    ✅
✅ 2025-12-27 완료: 12/12

[362/365] 
📅 2025-12-28
  🔮 양자리      ✅
  🔮 황소자리     ✅
  🔮 쌍둥이자리    ✅
  🔮 게자리      ✅
  🔮 사자자리     ✅
  🔮 처녀자리     ✅
  🔮 천칭자리     ✅
  🔮 전갈자리     ✅
  🔮 사수자리     ✅
  🔮 염소자리     ✅
  🔮 물병자리     ✅
  🔮 물고기자리    ✅
✅ 2025-12-28 완료: 12/12

[363/365] 
📅 2025-12-29
  🔮 양자리      ✅
  🔮 황소자리     ✅
  🔮 쌍둥이자리    ✅
  🔮 게자리      ✅
  🔮 사자자리     ✅
  🔮 처녀자리     ✅
  🔮 천칭자리     ✅
  🔮 전갈자리     ✅
  🔮 사수자리     ✅
  🔮 염소자리     ✅
  🔮 물병자리     ✅
  🔮 물고기자리    ✅
✅ 2025-12-29 완료: 12/12

[364/365] 
📅 2025-12-30
  🔮 양자리      ✅
  🔮 황소자리     ✅
  🔮 쌍둥이자리    ✅
  🔮 게자리      ✅
  🔮 사자자리     ✅
  🔮 처녀자리     ✅
  🔮 천칭자리     ✅
  🔮 전갈자리     ✅
  🔮 사수자리     ✅
  🔮 염소자리     ✅
  🔮 물병자리     ✅
  🔮 물고기자리    ✅
✅ 2025-12-30 완료: 12/12

[365/365] 
📅 2025-12-31
  🔮 양자리      ✅
  🔮 황소자리     ✅
  🔮 쌍둥이자리    ✅
  🔮 게자리      ✅
  🔮 사자자리     ✅
  🔮 처녀자리     ✅
  🔮 천칭자리     ✅
  🔮 전갈자리     ✅
  🔮 사수자리     ✅
  🔮 염소자리     ✅
  🔮 물병자리     ✅
  🔮 물고기자리    ✅
✅ 2025-12-31 완료: 12/12
💾 중간 저장 (365일치)

======================================================================
✅ 배치 생성 완료
======================================================================
파일: api/fortune-data.json
기간: 2025-01-01 ~ 2025-12-31
생성: 365일 × 12 = 4380개
======================================================================
