======================================================================
🌟 주간/월간/연간 운세 AI 창작 생성
======================================================================

📅 주간 운세 생성 중...
  W01: ............ ✅ 12/12
  W02: ............ ✅ 12/12
  W03: ............ ✅ 12/12
  W04: ............ ✅ 12/12
  W05: ............ ✅ 12/12
  W06: ............ ✅ 12/12
  W07: ............ ✅ 12/12
  W08: ............ ✅ 12/12
  W09: ............ ✅ 12/12
  W10: ............ ✅ 12/12
  W11: ............ ✅ 12/12
  W12: ............ ✅ 12/12
  W13: ............ ✅ 12/12
  W14: ............ ✅ 12/12
  W15: ............ ✅ 12/12
  W16: ............ ✅ 12/12
  W17: ............ ✅ 12/12
  W18: ............ ✅ 12/12
  W19: ............ ✅ 12/12
  W20: ............ ✅ 12/12
  W21: ............ ✅ 12/12
  W22: ............ ✅ 12/12
  W23: ............ ✅ 12/12
  W24: ............ ✅ 12/12
  W25: ............ ✅ 12/12
  W26: ............ ✅ 12/12
  W27: ............ ✅ 12/12
  W28: ............ ✅ 12/12
  W29: ............ ✅ 12/12
  W30: ............ ✅ 12/12
  W31: ............ ✅ 12/12
  W32: ............ ✅ 12/12
  W33: ............ ✅ 12/12
  W34: ............ ✅ 12/12
  W35: ............ ✅ 12/12
  W36: ............ ✅ 12/12
  W37: ............ ✅ 12/12
  W38: ............ ✅ 12/12
  W39: ............ ✅ 12/12
  W40: ............ ✅ 12/12
  W41: ............ ✅ 12/12
  W42: ............ ✅ 12/12
  W43: ............ ✅ 12/12
  W44: ............ ✅ 12/12
  W45: ............ ✅ 12/12
  W46: ............ ✅ 12/12
  W47: ............ ✅ 12/12
  W48: ............ ✅ 12/12
  W49: ............ ✅ 12/12
  W50: ............ ✅ 12/12
  W51: ............ ✅ 12/12
  W52: ............ ✅ 12/12

✅ 주간 생성 완료: 52주

📅 월간 운세 생성 중...
  01월: ............ ✅ 12/12
  02월: ............ ✅ 12/12
  03월: ............ ✅ 12/12
  04월: ............ ✅ 12/12
  05월: ............ ✅ 12/12
  06월: ............ ✅ 12/12
  07월: ............ ✅ 12/12
  08월: ............ ✅ 12/12
  09월: ............ ✅ 12/12
  10월: ............ ✅ 12/12
  11월: ............ ✅ 12/12
  12월: ............ ✅ 12/12

✅ 월간 생성 완료: 12개월

📅 연간 운세 생성 중...
  양자리     : ✅
  황소자리    : ✅
  쌍둥이자리   : ✅
  게자리     : ✅
  사자자리    : ✅
  처녀자리    : ✅
  천칭자리    : ✅
  전갈자리    : ✅
  사수자리    : ✅
  염소자리    : ✅
  물병자리    : ✅
  물고기자리   : ✅

✅ 연간 생성 완료: 12별자리

💾 저장 중...

======================================================================
✅ 전체 생성 완료
  - 주간: 52주 × 12별자리 = 624개
  - 월간: 12개월 × 12별자리 = 144개
  - 연간: 12별자리 = 12개
  - 총: 780개
======================================================================
